{"date":"Tue Jul 23 2024 07:32:29 GMT-0700 (Pacific Daylight Time)","error":{},"exception":true,"level":"error","message":"uncaughtException: ⨯ Unable to compile TypeScript:\nsrc/controllers/index.ts(3,8): error TS1192: Module '\"C:/xampp/htdocs/pustak/server/src/controllers/uploads\"' has no default export.\r\n\nError: ⨯ Unable to compile TypeScript:\nsrc/controllers/index.ts(3,8): error TS1192: Module '\"C:/xampp/htdocs/pustak/server/src/controllers/uploads\"' has no default export.\r\n\n    at Object.<anonymous> (C:\\xampp\\htdocs\\pustak\\server\\src\\controllers\\index.ts:1:7)\n    at Module._compile (node:internal/modules/cjs/loader:1369:14)\n    at Module._compile (C:\\xampp\\htdocs\\pustak\\server\\node_modules\\source-map-support\\source-map-support.js:568:25)\n    at Module.m._compile (C:\\Users\\AB219TX\\AppData\\Local\\Temp\\ts-node-dev-hook-2234986275361972.js:69:33)\n    at Module._extensions..js (node:internal/modules/cjs/loader:1427:10)\n    at require.extensions..jsx.require.extensions..js (C:\\Users\\AB219TX\\AppData\\Local\\Temp\\ts-node-dev-hook-2234986275361972.js:114:20)\n    at require.extensions.<computed> (C:\\Users\\AB219TX\\AppData\\Local\\Temp\\ts-node-dev-hook-2234986275361972.js:71:20)\n    at Object.nodeDevHook [as .ts] (C:\\xampp\\htdocs\\pustak\\server\\node_modules\\ts-node-dev\\lib\\hook.js:63:13)\n    at Module.load (node:internal/modules/cjs/loader:1206:32)\n    at Function.Module._load (node:internal/modules/cjs/loader:1022:12)","os":{"loadavg":[0,0,0],"uptime":770429.656},"process":{"argv":["C:\\Users\\AB219TX\\.nvm\\versions\\node\\v20.12.2\\bin\\node.exe","src/index.ts"],"cwd":"C:\\xampp\\htdocs\\pustak\\server","execPath":"C:\\Users\\AB219TX\\.nvm\\versions\\node\\v20.12.2\\bin\\node.exe","gid":null,"memoryUsage":{"arrayBuffers":190526,"external":2908006,"heapTotal":60448768,"heapUsed":27000304,"rss":96333824},"pid":17320,"uid":null,"version":"v20.12.2"},"service":"user-service","stack":"Error: ⨯ Unable to compile TypeScript:\nsrc/controllers/index.ts(3,8): error TS1192: Module '\"C:/xampp/htdocs/pustak/server/src/controllers/uploads\"' has no default export.\r\n\n    at Object.<anonymous> (C:\\xampp\\htdocs\\pustak\\server\\src\\controllers\\index.ts:1:7)\n    at Module._compile (node:internal/modules/cjs/loader:1369:14)\n    at Module._compile (C:\\xampp\\htdocs\\pustak\\server\\node_modules\\source-map-support\\source-map-support.js:568:25)\n    at Module.m._compile (C:\\Users\\AB219TX\\AppData\\Local\\Temp\\ts-node-dev-hook-2234986275361972.js:69:33)\n    at Module._extensions..js (node:internal/modules/cjs/loader:1427:10)\n    at require.extensions..jsx.require.extensions..js (C:\\Users\\AB219TX\\AppData\\Local\\Temp\\ts-node-dev-hook-2234986275361972.js:114:20)\n    at require.extensions.<computed> (C:\\Users\\AB219TX\\AppData\\Local\\Temp\\ts-node-dev-hook-2234986275361972.js:71:20)\n    at Object.nodeDevHook [as .ts] (C:\\xampp\\htdocs\\pustak\\server\\node_modules\\ts-node-dev\\lib\\hook.js:63:13)\n    at Module.load (node:internal/modules/cjs/loader:1206:32)\n    at Function.Module._load (node:internal/modules/cjs/loader:1022:12)","timestamp":"2024-07-23 07:32:29","trace":[{"column":7,"file":"C:\\xampp\\htdocs\\pustak\\server\\src\\controllers\\index.ts","function":null,"line":1,"method":null,"native":false},{"column":14,"file":"node:internal/modules/cjs/loader","function":"Module._compile","line":1369,"method":"_compile","native":false},{"column":25,"file":"C:\\xampp\\htdocs\\pustak\\server\\node_modules\\source-map-support\\source-map-support.js","function":"Module._compile","line":568,"method":"_compile","native":false},{"column":33,"file":"C:\\Users\\AB219TX\\AppData\\Local\\Temp\\ts-node-dev-hook-2234986275361972.js","function":"Module.m._compile","line":69,"method":"_compile","native":false},{"column":10,"file":"node:internal/modules/cjs/loader","function":"Module._extensions..js","line":1427,"method":".js","native":false},{"column":20,"file":"C:\\Users\\AB219TX\\AppData\\Local\\Temp\\ts-node-dev-hook-2234986275361972.js","function":"require.extensions..jsx.require.extensions..js","line":114,"method":".js","native":false},{"column":20,"file":"C:\\Users\\AB219TX\\AppData\\Local\\Temp\\ts-node-dev-hook-2234986275361972.js","function":"require.extensions.<computed>","line":71,"method":"<computed>","native":false},{"column":13,"file":"C:\\xampp\\htdocs\\pustak\\server\\node_modules\\ts-node-dev\\lib\\hook.js","function":"Object.nodeDevHook [as .ts]","line":63,"method":"ts]","native":false},{"column":32,"file":"node:internal/modules/cjs/loader","function":"Module.load","line":1206,"method":"load","native":false},{"column":12,"file":"node:internal/modules/cjs/loader","function":"Module._load","line":1022,"method":"_load","native":false}]}
{"date":"Tue Jul 23 2024 07:33:23 GMT-0700 (Pacific Daylight Time)","error":{},"exception":true,"level":"error","message":"uncaughtException: ⨯ Unable to compile TypeScript:\nsrc/controllers/index.ts(3,8): error TS1192: Module '\"C:/xampp/htdocs/pustak/server/src/controllers/uploads\"' has no default export.\r\n\nError: ⨯ Unable to compile TypeScript:\nsrc/controllers/index.ts(3,8): error TS1192: Module '\"C:/xampp/htdocs/pustak/server/src/controllers/uploads\"' has no default export.\r\n\n    at Object.<anonymous> (C:\\xampp\\htdocs\\pustak\\server\\src\\controllers\\index.ts:1:7)\n    at Module._compile (node:internal/modules/cjs/loader:1369:14)\n    at Module._compile (C:\\xampp\\htdocs\\pustak\\server\\node_modules\\source-map-support\\source-map-support.js:568:25)\n    at Module.m._compile (C:\\Users\\AB219TX\\AppData\\Local\\Temp\\ts-node-dev-hook-2234986275361972.js:69:33)\n    at Module._extensions..js (node:internal/modules/cjs/loader:1427:10)\n    at require.extensions..jsx.require.extensions..js (C:\\Users\\AB219TX\\AppData\\Local\\Temp\\ts-node-dev-hook-2234986275361972.js:114:20)\n    at require.extensions.<computed> (C:\\Users\\AB219TX\\AppData\\Local\\Temp\\ts-node-dev-hook-2234986275361972.js:71:20)\n    at Object.nodeDevHook [as .ts] (C:\\xampp\\htdocs\\pustak\\server\\node_modules\\ts-node-dev\\lib\\hook.js:63:13)\n    at Module.load (node:internal/modules/cjs/loader:1206:32)\n    at Function.Module._load (node:internal/modules/cjs/loader:1022:12)","os":{"loadavg":[0,0,0],"uptime":770483.406},"process":{"argv":["C:\\Users\\AB219TX\\.nvm\\versions\\node\\v20.12.2\\bin\\node.exe","src/index.ts"],"cwd":"C:\\xampp\\htdocs\\pustak\\server","execPath":"C:\\Users\\AB219TX\\.nvm\\versions\\node\\v20.12.2\\bin\\node.exe","gid":null,"memoryUsage":{"arrayBuffers":624702,"external":2908006,"heapTotal":58875904,"heapUsed":39791896,"rss":94568448},"pid":8884,"uid":null,"version":"v20.12.2"},"service":"user-service","stack":"Error: ⨯ Unable to compile TypeScript:\nsrc/controllers/index.ts(3,8): error TS1192: Module '\"C:/xampp/htdocs/pustak/server/src/controllers/uploads\"' has no default export.\r\n\n    at Object.<anonymous> (C:\\xampp\\htdocs\\pustak\\server\\src\\controllers\\index.ts:1:7)\n    at Module._compile (node:internal/modules/cjs/loader:1369:14)\n    at Module._compile (C:\\xampp\\htdocs\\pustak\\server\\node_modules\\source-map-support\\source-map-support.js:568:25)\n    at Module.m._compile (C:\\Users\\AB219TX\\AppData\\Local\\Temp\\ts-node-dev-hook-2234986275361972.js:69:33)\n    at Module._extensions..js (node:internal/modules/cjs/loader:1427:10)\n    at require.extensions..jsx.require.extensions..js (C:\\Users\\AB219TX\\AppData\\Local\\Temp\\ts-node-dev-hook-2234986275361972.js:114:20)\n    at require.extensions.<computed> (C:\\Users\\AB219TX\\AppData\\Local\\Temp\\ts-node-dev-hook-2234986275361972.js:71:20)\n    at Object.nodeDevHook [as .ts] (C:\\xampp\\htdocs\\pustak\\server\\node_modules\\ts-node-dev\\lib\\hook.js:63:13)\n    at Module.load (node:internal/modules/cjs/loader:1206:32)\n    at Function.Module._load (node:internal/modules/cjs/loader:1022:12)","timestamp":"2024-07-23 07:33:23","trace":[{"column":7,"file":"C:\\xampp\\htdocs\\pustak\\server\\src\\controllers\\index.ts","function":null,"line":1,"method":null,"native":false},{"column":14,"file":"node:internal/modules/cjs/loader","function":"Module._compile","line":1369,"method":"_compile","native":false},{"column":25,"file":"C:\\xampp\\htdocs\\pustak\\server\\node_modules\\source-map-support\\source-map-support.js","function":"Module._compile","line":568,"method":"_compile","native":false},{"column":33,"file":"C:\\Users\\AB219TX\\AppData\\Local\\Temp\\ts-node-dev-hook-2234986275361972.js","function":"Module.m._compile","line":69,"method":"_compile","native":false},{"column":10,"file":"node:internal/modules/cjs/loader","function":"Module._extensions..js","line":1427,"method":".js","native":false},{"column":20,"file":"C:\\Users\\AB219TX\\AppData\\Local\\Temp\\ts-node-dev-hook-2234986275361972.js","function":"require.extensions..jsx.require.extensions..js","line":114,"method":".js","native":false},{"column":20,"file":"C:\\Users\\AB219TX\\AppData\\Local\\Temp\\ts-node-dev-hook-2234986275361972.js","function":"require.extensions.<computed>","line":71,"method":"<computed>","native":false},{"column":13,"file":"C:\\xampp\\htdocs\\pustak\\server\\node_modules\\ts-node-dev\\lib\\hook.js","function":"Object.nodeDevHook [as .ts]","line":63,"method":"ts]","native":false},{"column":32,"file":"node:internal/modules/cjs/loader","function":"Module.load","line":1206,"method":"load","native":false},{"column":12,"file":"node:internal/modules/cjs/loader","function":"Module._load","line":1022,"method":"_load","native":false}]}
{"date":"Tue Jul 23 2024 13:48:54 GMT-0700 (Pacific Daylight Time)","error":{"code":"MODULE_NOT_FOUND","requireStack":["C:\\xampp\\htdocs\\pustak\\server\\src\\controllers\\uploads.ts","C:\\xampp\\htdocs\\pustak\\server\\src\\controllers\\index.ts","C:\\xampp\\htdocs\\pustak\\server\\src\\app.ts","C:\\xampp\\htdocs\\pustak\\server\\src\\index.ts"]},"exception":true,"level":"error","message":"uncaughtException: Cannot find module '../util/fileUploader'\nRequire stack:\n- C:\\xampp\\htdocs\\pustak\\server\\src\\controllers\\uploads.ts\n- C:\\xampp\\htdocs\\pustak\\server\\src\\controllers\\index.ts\n- C:\\xampp\\htdocs\\pustak\\server\\src\\app.ts\n- C:\\xampp\\htdocs\\pustak\\server\\src\\index.ts\nError: Cannot find module '../util/fileUploader'\nRequire stack:\n- C:\\xampp\\htdocs\\pustak\\server\\src\\controllers\\uploads.ts\n- C:\\xampp\\htdocs\\pustak\\server\\src\\controllers\\index.ts\n- C:\\xampp\\htdocs\\pustak\\server\\src\\app.ts\n- C:\\xampp\\htdocs\\pustak\\server\\src\\index.ts\n    at Function.Module._resolveFilename (node:internal/modules/cjs/loader:1143:15)\n    at Function.Module._load (node:internal/modules/cjs/loader:984:27)\n    at Module.require (node:internal/modules/cjs/loader:1231:19)\n    at Module.Hook._require.Module.require (C:\\xampp\\htdocs\\pustak\\server\\node_modules\\require-in-the-middle\\index.js:167:34)\n    at require (node:internal/modules/helpers:179:18)\n    at Object.<anonymous> (C:\\xampp\\htdocs\\pustak\\server\\src\\controllers\\uploads.ts:2:1)\n    at Module._compile (node:internal/modules/cjs/loader:1369:14)\n    at Module._compile (C:\\xampp\\htdocs\\pustak\\server\\node_modules\\source-map-support\\source-map-support.js:568:25)\n    at Module.m._compile (C:\\Users\\AB219TX\\AppData\\Local\\Temp\\ts-node-dev-hook-9249664051925448.js:69:33)\n    at Module._extensions..js (node:internal/modules/cjs/loader:1427:10)","os":{"loadavg":[0,0,0],"uptime":793014.046},"process":{"argv":["C:\\Users\\AB219TX\\.nvm\\versions\\node\\v20.12.2\\bin\\node.exe","src/index.ts"],"cwd":"C:\\xampp\\htdocs\\pustak\\server","execPath":"C:\\Users\\AB219TX\\.nvm\\versions\\node\\v20.12.2\\bin\\node.exe","gid":null,"memoryUsage":{"arrayBuffers":437965,"external":2718030,"heapTotal":59662336,"heapUsed":34633304,"rss":98709504},"pid":19356,"uid":null,"version":"v20.12.2"},"service":"user-service","stack":"Error: Cannot find module '../util/fileUploader'\nRequire stack:\n- C:\\xampp\\htdocs\\pustak\\server\\src\\controllers\\uploads.ts\n- C:\\xampp\\htdocs\\pustak\\server\\src\\controllers\\index.ts\n- C:\\xampp\\htdocs\\pustak\\server\\src\\app.ts\n- C:\\xampp\\htdocs\\pustak\\server\\src\\index.ts\n    at Function.Module._resolveFilename (node:internal/modules/cjs/loader:1143:15)\n    at Function.Module._load (node:internal/modules/cjs/loader:984:27)\n    at Module.require (node:internal/modules/cjs/loader:1231:19)\n    at Module.Hook._require.Module.require (C:\\xampp\\htdocs\\pustak\\server\\node_modules\\require-in-the-middle\\index.js:167:34)\n    at require (node:internal/modules/helpers:179:18)\n    at Object.<anonymous> (C:\\xampp\\htdocs\\pustak\\server\\src\\controllers\\uploads.ts:2:1)\n    at Module._compile (node:internal/modules/cjs/loader:1369:14)\n    at Module._compile (C:\\xampp\\htdocs\\pustak\\server\\node_modules\\source-map-support\\source-map-support.js:568:25)\n    at Module.m._compile (C:\\Users\\AB219TX\\AppData\\Local\\Temp\\ts-node-dev-hook-9249664051925448.js:69:33)\n    at Module._extensions..js (node:internal/modules/cjs/loader:1427:10)","timestamp":"2024-07-23 13:48:54","trace":[{"column":15,"file":"node:internal/modules/cjs/loader","function":"Module._resolveFilename","line":1143,"method":"_resolveFilename","native":false},{"column":27,"file":"node:internal/modules/cjs/loader","function":"Module._load","line":984,"method":"_load","native":false},{"column":19,"file":"node:internal/modules/cjs/loader","function":"Module.require","line":1231,"method":"require","native":false},{"column":34,"file":"C:\\xampp\\htdocs\\pustak\\server\\node_modules\\require-in-the-middle\\index.js","function":"Module.require","line":167,"method":"require","native":false},{"column":18,"file":"node:internal/modules/helpers","function":"require","line":179,"method":null,"native":false},{"column":1,"file":"C:\\xampp\\htdocs\\pustak\\server\\src\\controllers\\uploads.ts","function":null,"line":2,"method":null,"native":false},{"column":14,"file":"node:internal/modules/cjs/loader","function":"Module._compile","line":1369,"method":"_compile","native":false},{"column":25,"file":"C:\\xampp\\htdocs\\pustak\\server\\node_modules\\source-map-support\\source-map-support.js","function":"Module._compile","line":568,"method":"_compile","native":false},{"column":33,"file":"C:\\Users\\AB219TX\\AppData\\Local\\Temp\\ts-node-dev-hook-9249664051925448.js","function":"Module.m._compile","line":69,"method":"_compile","native":false},{"column":10,"file":"node:internal/modules/cjs/loader","function":"Module._extensions..js","line":1427,"method":".js","native":false}]}
{"date":"Wed Jul 24 2024 17:42:51 GMT-0700 (Pacific Daylight Time)","error":{},"exception":true,"level":"error","message":"uncaughtException: ⨯ Unable to compile TypeScript:\nsrc/controllers/uploads.ts(3,1): error TS6133: 'parseBookmarks' is declared but its value is never read.\r\nsrc/controllers/uploads.ts(3,10): error TS2305: Module '\"../util/parseBookmarks\"' has no exported member 'parseBookmarks'.\r\n\nError: ⨯ Unable to compile TypeScript:\nsrc/controllers/uploads.ts(3,1): error TS6133: 'parseBookmarks' is declared but its value is never read.\r\nsrc/controllers/uploads.ts(3,10): error TS2305: Module '\"../util/parseBookmarks\"' has no exported member 'parseBookmarks'.\r\n\n    at Object.<anonymous> (C:\\xampp\\htdocs\\pustak\\server\\src\\controllers\\uploads.ts:1:7)\n    at Module._compile (node:internal/modules/cjs/loader:1369:14)\n    at Module._compile (C:\\xampp\\htdocs\\pustak\\server\\node_modules\\source-map-support\\source-map-support.js:568:25)\n    at Module.m._compile (C:\\Users\\AB219TX\\AppData\\Local\\Temp\\ts-node-dev-hook-9802726133564057.js:69:33)\n    at Module._extensions..js (node:internal/modules/cjs/loader:1427:10)\n    at require.extensions..jsx.require.extensions..js (C:\\Users\\AB219TX\\AppData\\Local\\Temp\\ts-node-dev-hook-9802726133564057.js:114:20)\n    at require.extensions.<computed> (C:\\Users\\AB219TX\\AppData\\Local\\Temp\\ts-node-dev-hook-9802726133564057.js:71:20)\n    at Object.nodeDevHook [as .ts] (C:\\xampp\\htdocs\\pustak\\server\\node_modules\\ts-node-dev\\lib\\hook.js:63:13)\n    at Module.load (node:internal/modules/cjs/loader:1206:32)\n    at Function.Module._load (node:internal/modules/cjs/loader:1022:12)","os":{"loadavg":[0,0,0],"uptime":893448.781},"process":{"argv":["C:\\Users\\AB219TX\\.nvm\\versions\\node\\v20.12.2\\bin\\node.exe","src/index.ts"],"cwd":"C:\\xampp\\htdocs\\pustak\\server","execPath":"C:\\Users\\AB219TX\\.nvm\\versions\\node\\v20.12.2\\bin\\node.exe","gid":null,"memoryUsage":{"arrayBuffers":437974,"external":2718030,"heapTotal":59924480,"heapUsed":34695936,"rss":96284672},"pid":2176,"uid":null,"version":"v20.12.2"},"service":"user-service","stack":"Error: ⨯ Unable to compile TypeScript:\nsrc/controllers/uploads.ts(3,1): error TS6133: 'parseBookmarks' is declared but its value is never read.\r\nsrc/controllers/uploads.ts(3,10): error TS2305: Module '\"../util/parseBookmarks\"' has no exported member 'parseBookmarks'.\r\n\n    at Object.<anonymous> (C:\\xampp\\htdocs\\pustak\\server\\src\\controllers\\uploads.ts:1:7)\n    at Module._compile (node:internal/modules/cjs/loader:1369:14)\n    at Module._compile (C:\\xampp\\htdocs\\pustak\\server\\node_modules\\source-map-support\\source-map-support.js:568:25)\n    at Module.m._compile (C:\\Users\\AB219TX\\AppData\\Local\\Temp\\ts-node-dev-hook-9802726133564057.js:69:33)\n    at Module._extensions..js (node:internal/modules/cjs/loader:1427:10)\n    at require.extensions..jsx.require.extensions..js (C:\\Users\\AB219TX\\AppData\\Local\\Temp\\ts-node-dev-hook-9802726133564057.js:114:20)\n    at require.extensions.<computed> (C:\\Users\\AB219TX\\AppData\\Local\\Temp\\ts-node-dev-hook-9802726133564057.js:71:20)\n    at Object.nodeDevHook [as .ts] (C:\\xampp\\htdocs\\pustak\\server\\node_modules\\ts-node-dev\\lib\\hook.js:63:13)\n    at Module.load (node:internal/modules/cjs/loader:1206:32)\n    at Function.Module._load (node:internal/modules/cjs/loader:1022:12)","timestamp":"2024-07-24 17:42:51","trace":[{"column":7,"file":"C:\\xampp\\htdocs\\pustak\\server\\src\\controllers\\uploads.ts","function":null,"line":1,"method":null,"native":false},{"column":14,"file":"node:internal/modules/cjs/loader","function":"Module._compile","line":1369,"method":"_compile","native":false},{"column":25,"file":"C:\\xampp\\htdocs\\pustak\\server\\node_modules\\source-map-support\\source-map-support.js","function":"Module._compile","line":568,"method":"_compile","native":false},{"column":33,"file":"C:\\Users\\AB219TX\\AppData\\Local\\Temp\\ts-node-dev-hook-9802726133564057.js","function":"Module.m._compile","line":69,"method":"_compile","native":false},{"column":10,"file":"node:internal/modules/cjs/loader","function":"Module._extensions..js","line":1427,"method":".js","native":false},{"column":20,"file":"C:\\Users\\AB219TX\\AppData\\Local\\Temp\\ts-node-dev-hook-9802726133564057.js","function":"require.extensions..jsx.require.extensions..js","line":114,"method":".js","native":false},{"column":20,"file":"C:\\Users\\AB219TX\\AppData\\Local\\Temp\\ts-node-dev-hook-9802726133564057.js","function":"require.extensions.<computed>","line":71,"method":"<computed>","native":false},{"column":13,"file":"C:\\xampp\\htdocs\\pustak\\server\\node_modules\\ts-node-dev\\lib\\hook.js","function":"Object.nodeDevHook [as .ts]","line":63,"method":"ts]","native":false},{"column":32,"file":"node:internal/modules/cjs/loader","function":"Module.load","line":1206,"method":"load","native":false},{"column":12,"file":"node:internal/modules/cjs/loader","function":"Module._load","line":1022,"method":"_load","native":false}]}
{"date":"Wed Jul 24 2024 18:10:38 GMT-0700 (Pacific Daylight Time)","error":{},"exception":true,"level":"error","message":"uncaughtException: ⨯ Unable to compile TypeScript:\nsrc/controllers/uploads.ts(15,13): error TS6133: 'folders' is declared but its value is never read.\r\nsrc/controllers/uploads.ts(15,47): error TS2345: Argument of type 'Folder[]' is not assignable to parameter of type 'readonly Optional<any, string>[]'.\r\n  Type 'Folder' is not assignable to type 'Optional<any, string>'.\r\n    Type 'Folder' is not assignable to type 'Omit<any, string>'.\r\n      Index signature for type 'number' is missing in type 'Folder'.\r\nsrc/controllers/uploads.ts(16,13): error TS6133: 'bookmarks' is declared but its value is never read.\r\nsrc/controllers/uploads.ts(16,51): error TS2345: Argument of type 'Bookmark[]' is not assignable to parameter of type 'readonly Optional<any, string>[]'.\r\n  Type 'Bookmark' is not assignable to type 'Optional<any, string>'.\r\n    Type 'Bookmark' is not assignable to type 'Omit<any, string>'.\r\n      Index signature for type 'number' is missing in type 'Bookmark'.\r\n\nError: ⨯ Unable to compile TypeScript:\nsrc/controllers/uploads.ts(15,13): error TS6133: 'folders' is declared but its value is never read.\r\nsrc/controllers/uploads.ts(15,47): error TS2345: Argument of type 'Folder[]' is not assignable to parameter of type 'readonly Optional<any, string>[]'.\r\n  Type 'Folder' is not assignable to type 'Optional<any, string>'.\r\n    Type 'Folder' is not assignable to type 'Omit<any, string>'.\r\n      Index signature for type 'number' is missing in type 'Folder'.\r\nsrc/controllers/uploads.ts(16,13): error TS6133: 'bookmarks' is declared but its value is never read.\r\nsrc/controllers/uploads.ts(16,51): error TS2345: Argument of type 'Bookmark[]' is not assignable to parameter of type 'readonly Optional<any, string>[]'.\r\n  Type 'Bookmark' is not assignable to type 'Optional<any, string>'.\r\n    Type 'Bookmark' is not assignable to type 'Omit<any, string>'.\r\n      Index signature for type 'number' is missing in type 'Bookmark'.\r\n\n    at Object.<anonymous> (C:\\xampp\\htdocs\\pustak\\server\\src\\controllers\\uploads.ts:1:7)\n    at Module._compile (node:internal/modules/cjs/loader:1369:14)\n    at Module._compile (C:\\xampp\\htdocs\\pustak\\server\\node_modules\\source-map-support\\source-map-support.js:568:25)\n    at Module.m._compile (C:\\Users\\AB219TX\\AppData\\Local\\Temp\\ts-node-dev-hook-9802726133564057.js:69:33)\n    at Module._extensions..js (node:internal/modules/cjs/loader:1427:10)\n    at require.extensions..jsx.require.extensions..js (C:\\Users\\AB219TX\\AppData\\Local\\Temp\\ts-node-dev-hook-9802726133564057.js:114:20)\n    at require.extensions.<computed> (C:\\Users\\AB219TX\\AppData\\Local\\Temp\\ts-node-dev-hook-9802726133564057.js:71:20)\n    at Object.nodeDevHook [as .ts] (C:\\xampp\\htdocs\\pustak\\server\\node_modules\\ts-node-dev\\lib\\hook.js:63:13)\n    at Module.load (node:internal/modules/cjs/loader:1206:32)\n    at Function.Module._load (node:internal/modules/cjs/loader:1022:12)","os":{"loadavg":[0,0,0],"uptime":895115.609},"process":{"argv":["C:\\Users\\AB219TX\\.nvm\\versions\\node\\v20.12.2\\bin\\node.exe","src/index.ts"],"cwd":"C:\\xampp\\htdocs\\pustak\\server","execPath":"C:\\Users\\AB219TX\\.nvm\\versions\\node\\v20.12.2\\bin\\node.exe","gid":null,"memoryUsage":{"arrayBuffers":194484,"external":2939214,"heapTotal":60973056,"heapUsed":27964824,"rss":97292288},"pid":9960,"uid":null,"version":"v20.12.2"},"service":"user-service","stack":"Error: ⨯ Unable to compile TypeScript:\nsrc/controllers/uploads.ts(15,13): error TS6133: 'folders' is declared but its value is never read.\r\nsrc/controllers/uploads.ts(15,47): error TS2345: Argument of type 'Folder[]' is not assignable to parameter of type 'readonly Optional<any, string>[]'.\r\n  Type 'Folder' is not assignable to type 'Optional<any, string>'.\r\n    Type 'Folder' is not assignable to type 'Omit<any, string>'.\r\n      Index signature for type 'number' is missing in type 'Folder'.\r\nsrc/controllers/uploads.ts(16,13): error TS6133: 'bookmarks' is declared but its value is never read.\r\nsrc/controllers/uploads.ts(16,51): error TS2345: Argument of type 'Bookmark[]' is not assignable to parameter of type 'readonly Optional<any, string>[]'.\r\n  Type 'Bookmark' is not assignable to type 'Optional<any, string>'.\r\n    Type 'Bookmark' is not assignable to type 'Omit<any, string>'.\r\n      Index signature for type 'number' is missing in type 'Bookmark'.\r\n\n    at Object.<anonymous> (C:\\xampp\\htdocs\\pustak\\server\\src\\controllers\\uploads.ts:1:7)\n    at Module._compile (node:internal/modules/cjs/loader:1369:14)\n    at Module._compile (C:\\xampp\\htdocs\\pustak\\server\\node_modules\\source-map-support\\source-map-support.js:568:25)\n    at Module.m._compile (C:\\Users\\AB219TX\\AppData\\Local\\Temp\\ts-node-dev-hook-9802726133564057.js:69:33)\n    at Module._extensions..js (node:internal/modules/cjs/loader:1427:10)\n    at require.extensions..jsx.require.extensions..js (C:\\Users\\AB219TX\\AppData\\Local\\Temp\\ts-node-dev-hook-9802726133564057.js:114:20)\n    at require.extensions.<computed> (C:\\Users\\AB219TX\\AppData\\Local\\Temp\\ts-node-dev-hook-9802726133564057.js:71:20)\n    at Object.nodeDevHook [as .ts] (C:\\xampp\\htdocs\\pustak\\server\\node_modules\\ts-node-dev\\lib\\hook.js:63:13)\n    at Module.load (node:internal/modules/cjs/loader:1206:32)\n    at Function.Module._load (node:internal/modules/cjs/loader:1022:12)","timestamp":"2024-07-24 18:10:38","trace":[{"column":7,"file":"C:\\xampp\\htdocs\\pustak\\server\\src\\controllers\\uploads.ts","function":null,"line":1,"method":null,"native":false},{"column":14,"file":"node:internal/modules/cjs/loader","function":"Module._compile","line":1369,"method":"_compile","native":false},{"column":25,"file":"C:\\xampp\\htdocs\\pustak\\server\\node_modules\\source-map-support\\source-map-support.js","function":"Module._compile","line":568,"method":"_compile","native":false},{"column":33,"file":"C:\\Users\\AB219TX\\AppData\\Local\\Temp\\ts-node-dev-hook-9802726133564057.js","function":"Module.m._compile","line":69,"method":"_compile","native":false},{"column":10,"file":"node:internal/modules/cjs/loader","function":"Module._extensions..js","line":1427,"method":".js","native":false},{"column":20,"file":"C:\\Users\\AB219TX\\AppData\\Local\\Temp\\ts-node-dev-hook-9802726133564057.js","function":"require.extensions..jsx.require.extensions..js","line":114,"method":".js","native":false},{"column":20,"file":"C:\\Users\\AB219TX\\AppData\\Local\\Temp\\ts-node-dev-hook-9802726133564057.js","function":"require.extensions.<computed>","line":71,"method":"<computed>","native":false},{"column":13,"file":"C:\\xampp\\htdocs\\pustak\\server\\node_modules\\ts-node-dev\\lib\\hook.js","function":"Object.nodeDevHook [as .ts]","line":63,"method":"ts]","native":false},{"column":32,"file":"node:internal/modules/cjs/loader","function":"Module.load","line":1206,"method":"load","native":false},{"column":12,"file":"node:internal/modules/cjs/loader","function":"Module._load","line":1022,"method":"_load","native":false}]}
{"date":"Wed Jul 24 2024 18:12:39 GMT-0700 (Pacific Daylight Time)","error":{},"exception":true,"level":"error","message":"uncaughtException: ⨯ Unable to compile TypeScript:\nsrc/controllers/uploads.ts(15,13): error TS6133: 'folders' is declared but its value is never read.\r\nsrc/controllers/uploads.ts(16,13): error TS6133: 'bookmarks' is declared but its value is never read.\r\n\nError: ⨯ Unable to compile TypeScript:\nsrc/controllers/uploads.ts(15,13): error TS6133: 'folders' is declared but its value is never read.\r\nsrc/controllers/uploads.ts(16,13): error TS6133: 'bookmarks' is declared but its value is never read.\r\n\n    at Object.<anonymous> (C:\\xampp\\htdocs\\pustak\\server\\src\\controllers\\uploads.ts:1:7)\n    at Module._compile (node:internal/modules/cjs/loader:1369:14)\n    at Module._compile (C:\\xampp\\htdocs\\pustak\\server\\node_modules\\source-map-support\\source-map-support.js:568:25)\n    at Module.m._compile (C:\\Users\\AB219TX\\AppData\\Local\\Temp\\ts-node-dev-hook-774405873730406.js:69:33)\n    at Module._extensions..js (node:internal/modules/cjs/loader:1427:10)\n    at require.extensions..jsx.require.extensions..js (C:\\Users\\AB219TX\\AppData\\Local\\Temp\\ts-node-dev-hook-774405873730406.js:114:20)\n    at require.extensions.<computed> (C:\\Users\\AB219TX\\AppData\\Local\\Temp\\ts-node-dev-hook-774405873730406.js:71:20)\n    at Object.nodeDevHook [as .ts] (C:\\xampp\\htdocs\\pustak\\server\\node_modules\\ts-node-dev\\lib\\hook.js:63:13)\n    at Module.load (node:internal/modules/cjs/loader:1206:32)\n    at Function.Module._load (node:internal/modules/cjs/loader:1022:12)","os":{"loadavg":[0,0,0],"uptime":895236.359},"process":{"argv":["C:\\Users\\AB219TX\\.nvm\\versions\\node\\v20.12.2\\bin\\node.exe","src/index.ts"],"cwd":"C:\\xampp\\htdocs\\pustak\\server","execPath":"C:\\Users\\AB219TX\\.nvm\\versions\\node\\v20.12.2\\bin\\node.exe","gid":null,"memoryUsage":{"arrayBuffers":233146,"external":2515071,"heapTotal":60710912,"heapUsed":40076816,"rss":97054720},"pid":16568,"uid":null,"version":"v20.12.2"},"service":"user-service","stack":"Error: ⨯ Unable to compile TypeScript:\nsrc/controllers/uploads.ts(15,13): error TS6133: 'folders' is declared but its value is never read.\r\nsrc/controllers/uploads.ts(16,13): error TS6133: 'bookmarks' is declared but its value is never read.\r\n\n    at Object.<anonymous> (C:\\xampp\\htdocs\\pustak\\server\\src\\controllers\\uploads.ts:1:7)\n    at Module._compile (node:internal/modules/cjs/loader:1369:14)\n    at Module._compile (C:\\xampp\\htdocs\\pustak\\server\\node_modules\\source-map-support\\source-map-support.js:568:25)\n    at Module.m._compile (C:\\Users\\AB219TX\\AppData\\Local\\Temp\\ts-node-dev-hook-774405873730406.js:69:33)\n    at Module._extensions..js (node:internal/modules/cjs/loader:1427:10)\n    at require.extensions..jsx.require.extensions..js (C:\\Users\\AB219TX\\AppData\\Local\\Temp\\ts-node-dev-hook-774405873730406.js:114:20)\n    at require.extensions.<computed> (C:\\Users\\AB219TX\\AppData\\Local\\Temp\\ts-node-dev-hook-774405873730406.js:71:20)\n    at Object.nodeDevHook [as .ts] (C:\\xampp\\htdocs\\pustak\\server\\node_modules\\ts-node-dev\\lib\\hook.js:63:13)\n    at Module.load (node:internal/modules/cjs/loader:1206:32)\n    at Function.Module._load (node:internal/modules/cjs/loader:1022:12)","timestamp":"2024-07-24 18:12:39","trace":[{"column":7,"file":"C:\\xampp\\htdocs\\pustak\\server\\src\\controllers\\uploads.ts","function":null,"line":1,"method":null,"native":false},{"column":14,"file":"node:internal/modules/cjs/loader","function":"Module._compile","line":1369,"method":"_compile","native":false},{"column":25,"file":"C:\\xampp\\htdocs\\pustak\\server\\node_modules\\source-map-support\\source-map-support.js","function":"Module._compile","line":568,"method":"_compile","native":false},{"column":33,"file":"C:\\Users\\AB219TX\\AppData\\Local\\Temp\\ts-node-dev-hook-774405873730406.js","function":"Module.m._compile","line":69,"method":"_compile","native":false},{"column":10,"file":"node:internal/modules/cjs/loader","function":"Module._extensions..js","line":1427,"method":".js","native":false},{"column":20,"file":"C:\\Users\\AB219TX\\AppData\\Local\\Temp\\ts-node-dev-hook-774405873730406.js","function":"require.extensions..jsx.require.extensions..js","line":114,"method":".js","native":false},{"column":20,"file":"C:\\Users\\AB219TX\\AppData\\Local\\Temp\\ts-node-dev-hook-774405873730406.js","function":"require.extensions.<computed>","line":71,"method":"<computed>","native":false},{"column":13,"file":"C:\\xampp\\htdocs\\pustak\\server\\node_modules\\ts-node-dev\\lib\\hook.js","function":"Object.nodeDevHook [as .ts]","line":63,"method":"ts]","native":false},{"column":32,"file":"node:internal/modules/cjs/loader","function":"Module.load","line":1206,"method":"load","native":false},{"column":12,"file":"node:internal/modules/cjs/loader","function":"Module._load","line":1022,"method":"_load","native":false}]}
{"date":"Thu Jul 25 2024 10:56:39 GMT-0700 (Pacific Daylight Time)","error":{},"exception":true,"level":"error","message":"uncaughtException: ⨯ Unable to compile TypeScript:\nsrc/controllers/uploads.ts(3,1): error TS6192: All imports in import declaration are unused.\r\n\nError: ⨯ Unable to compile TypeScript:\nsrc/controllers/uploads.ts(3,1): error TS6192: All imports in import declaration are unused.\r\n\n    at Object.<anonymous> (C:\\xampp\\htdocs\\pustak\\server\\src\\controllers\\uploads.ts:1:7)\n    at Module._compile (node:internal/modules/cjs/loader:1369:14)\n    at Module._compile (C:\\xampp\\htdocs\\pustak\\server\\node_modules\\source-map-support\\source-map-support.js:568:25)\n    at Module.m._compile (C:\\Users\\AB219TX\\AppData\\Local\\Temp\\ts-node-dev-hook-6581231751227736.js:69:33)\n    at Module._extensions..js (node:internal/modules/cjs/loader:1427:10)\n    at require.extensions..jsx.require.extensions..js (C:\\Users\\AB219TX\\AppData\\Local\\Temp\\ts-node-dev-hook-6581231751227736.js:114:20)\n    at require.extensions.<computed> (C:\\Users\\AB219TX\\AppData\\Local\\Temp\\ts-node-dev-hook-6581231751227736.js:71:20)\n    at Object.nodeDevHook [as .ts] (C:\\xampp\\htdocs\\pustak\\server\\node_modules\\ts-node-dev\\lib\\hook.js:63:13)\n    at Module.load (node:internal/modules/cjs/loader:1206:32)\n    at Function.Module._load (node:internal/modules/cjs/loader:1022:12)","os":{"loadavg":[0,0,0],"uptime":955475.578},"process":{"argv":["C:\\Users\\AB219TX\\.nvm\\versions\\node\\v20.12.2\\bin\\node.exe","src/index.ts"],"cwd":"C:\\xampp\\htdocs\\pustak\\server","execPath":"C:\\Users\\AB219TX\\.nvm\\versions\\node\\v20.12.2\\bin\\node.exe","gid":null,"memoryUsage":{"arrayBuffers":193634,"external":2939214,"heapTotal":60448768,"heapUsed":41326560,"rss":94908416},"pid":9844,"uid":null,"version":"v20.12.2"},"service":"user-service","stack":"Error: ⨯ Unable to compile TypeScript:\nsrc/controllers/uploads.ts(3,1): error TS6192: All imports in import declaration are unused.\r\n\n    at Object.<anonymous> (C:\\xampp\\htdocs\\pustak\\server\\src\\controllers\\uploads.ts:1:7)\n    at Module._compile (node:internal/modules/cjs/loader:1369:14)\n    at Module._compile (C:\\xampp\\htdocs\\pustak\\server\\node_modules\\source-map-support\\source-map-support.js:568:25)\n    at Module.m._compile (C:\\Users\\AB219TX\\AppData\\Local\\Temp\\ts-node-dev-hook-6581231751227736.js:69:33)\n    at Module._extensions..js (node:internal/modules/cjs/loader:1427:10)\n    at require.extensions..jsx.require.extensions..js (C:\\Users\\AB219TX\\AppData\\Local\\Temp\\ts-node-dev-hook-6581231751227736.js:114:20)\n    at require.extensions.<computed> (C:\\Users\\AB219TX\\AppData\\Local\\Temp\\ts-node-dev-hook-6581231751227736.js:71:20)\n    at Object.nodeDevHook [as .ts] (C:\\xampp\\htdocs\\pustak\\server\\node_modules\\ts-node-dev\\lib\\hook.js:63:13)\n    at Module.load (node:internal/modules/cjs/loader:1206:32)\n    at Function.Module._load (node:internal/modules/cjs/loader:1022:12)","timestamp":"2024-07-25 10:56:39","trace":[{"column":7,"file":"C:\\xampp\\htdocs\\pustak\\server\\src\\controllers\\uploads.ts","function":null,"line":1,"method":null,"native":false},{"column":14,"file":"node:internal/modules/cjs/loader","function":"Module._compile","line":1369,"method":"_compile","native":false},{"column":25,"file":"C:\\xampp\\htdocs\\pustak\\server\\node_modules\\source-map-support\\source-map-support.js","function":"Module._compile","line":568,"method":"_compile","native":false},{"column":33,"file":"C:\\Users\\AB219TX\\AppData\\Local\\Temp\\ts-node-dev-hook-6581231751227736.js","function":"Module.m._compile","line":69,"method":"_compile","native":false},{"column":10,"file":"node:internal/modules/cjs/loader","function":"Module._extensions..js","line":1427,"method":".js","native":false},{"column":20,"file":"C:\\Users\\AB219TX\\AppData\\Local\\Temp\\ts-node-dev-hook-6581231751227736.js","function":"require.extensions..jsx.require.extensions..js","line":114,"method":".js","native":false},{"column":20,"file":"C:\\Users\\AB219TX\\AppData\\Local\\Temp\\ts-node-dev-hook-6581231751227736.js","function":"require.extensions.<computed>","line":71,"method":"<computed>","native":false},{"column":13,"file":"C:\\xampp\\htdocs\\pustak\\server\\node_modules\\ts-node-dev\\lib\\hook.js","function":"Object.nodeDevHook [as .ts]","line":63,"method":"ts]","native":false},{"column":32,"file":"node:internal/modules/cjs/loader","function":"Module.load","line":1206,"method":"load","native":false},{"column":12,"file":"node:internal/modules/cjs/loader","function":"Module._load","line":1022,"method":"_load","native":false}]}
{"date":"Thu Jul 25 2024 11:26:07 GMT-0700 (Pacific Daylight Time)","error":{},"exception":true,"level":"error","message":"uncaughtException: ⨯ Unable to compile TypeScript:\nsrc/util/parseBookmarks.ts(6,10): error TS2305: Module '\"../typings/router\"' has no exported member 'Folder'.\r\nsrc/util/parseBookmarks.ts(6,18): error TS2305: Module '\"../typings/router\"' has no exported member 'Bookmark'.\r\n\nError: ⨯ Unable to compile TypeScript:\nsrc/util/parseBookmarks.ts(6,10): error TS2305: Module '\"../typings/router\"' has no exported member 'Folder'.\r\nsrc/util/parseBookmarks.ts(6,18): error TS2305: Module '\"../typings/router\"' has no exported member 'Bookmark'.\r\n\n    at Object.<anonymous> (C:\\xampp\\htdocs\\pustak\\server\\src\\util\\parseBookmarks.ts:1:7)\n    at Module._compile (node:internal/modules/cjs/loader:1369:14)\n    at Module._compile (C:\\xampp\\htdocs\\pustak\\server\\node_modules\\source-map-support\\source-map-support.js:568:25)\n    at Module.m._compile (C:\\Users\\AB219TX\\AppData\\Local\\Temp\\ts-node-dev-hook-6581231751227736.js:69:33)\n    at Module._extensions..js (node:internal/modules/cjs/loader:1427:10)\n    at require.extensions..jsx.require.extensions..js (C:\\Users\\AB219TX\\AppData\\Local\\Temp\\ts-node-dev-hook-6581231751227736.js:114:20)\n    at require.extensions.<computed> (C:\\Users\\AB219TX\\AppData\\Local\\Temp\\ts-node-dev-hook-6581231751227736.js:71:20)\n    at Object.nodeDevHook [as .ts] (C:\\xampp\\htdocs\\pustak\\server\\node_modules\\ts-node-dev\\lib\\hook.js:63:13)\n    at Module.load (node:internal/modules/cjs/loader:1206:32)\n    at Function.Module._load (node:internal/modules/cjs/loader:1022:12)","os":{"loadavg":[0,0,0],"uptime":957243.671},"process":{"argv":["C:\\Users\\AB219TX\\.nvm\\versions\\node\\v20.12.2\\bin\\node.exe","src/index.ts"],"cwd":"C:\\xampp\\htdocs\\pustak\\server","execPath":"C:\\Users\\AB219TX\\.nvm\\versions\\node\\v20.12.2\\bin\\node.exe","gid":null,"memoryUsage":{"arrayBuffers":271974,"external":2547558,"heapTotal":61497344,"heapUsed":32038440,"rss":96251904},"pid":1552,"uid":null,"version":"v20.12.2"},"service":"user-service","stack":"Error: ⨯ Unable to compile TypeScript:\nsrc/util/parseBookmarks.ts(6,10): error TS2305: Module '\"../typings/router\"' has no exported member 'Folder'.\r\nsrc/util/parseBookmarks.ts(6,18): error TS2305: Module '\"../typings/router\"' has no exported member 'Bookmark'.\r\n\n    at Object.<anonymous> (C:\\xampp\\htdocs\\pustak\\server\\src\\util\\parseBookmarks.ts:1:7)\n    at Module._compile (node:internal/modules/cjs/loader:1369:14)\n    at Module._compile (C:\\xampp\\htdocs\\pustak\\server\\node_modules\\source-map-support\\source-map-support.js:568:25)\n    at Module.m._compile (C:\\Users\\AB219TX\\AppData\\Local\\Temp\\ts-node-dev-hook-6581231751227736.js:69:33)\n    at Module._extensions..js (node:internal/modules/cjs/loader:1427:10)\n    at require.extensions..jsx.require.extensions..js (C:\\Users\\AB219TX\\AppData\\Local\\Temp\\ts-node-dev-hook-6581231751227736.js:114:20)\n    at require.extensions.<computed> (C:\\Users\\AB219TX\\AppData\\Local\\Temp\\ts-node-dev-hook-6581231751227736.js:71:20)\n    at Object.nodeDevHook [as .ts] (C:\\xampp\\htdocs\\pustak\\server\\node_modules\\ts-node-dev\\lib\\hook.js:63:13)\n    at Module.load (node:internal/modules/cjs/loader:1206:32)\n    at Function.Module._load (node:internal/modules/cjs/loader:1022:12)","timestamp":"2024-07-25 11:26:07","trace":[{"column":7,"file":"C:\\xampp\\htdocs\\pustak\\server\\src\\util\\parseBookmarks.ts","function":null,"line":1,"method":null,"native":false},{"column":14,"file":"node:internal/modules/cjs/loader","function":"Module._compile","line":1369,"method":"_compile","native":false},{"column":25,"file":"C:\\xampp\\htdocs\\pustak\\server\\node_modules\\source-map-support\\source-map-support.js","function":"Module._compile","line":568,"method":"_compile","native":false},{"column":33,"file":"C:\\Users\\AB219TX\\AppData\\Local\\Temp\\ts-node-dev-hook-6581231751227736.js","function":"Module.m._compile","line":69,"method":"_compile","native":false},{"column":10,"file":"node:internal/modules/cjs/loader","function":"Module._extensions..js","line":1427,"method":".js","native":false},{"column":20,"file":"C:\\Users\\AB219TX\\AppData\\Local\\Temp\\ts-node-dev-hook-6581231751227736.js","function":"require.extensions..jsx.require.extensions..js","line":114,"method":".js","native":false},{"column":20,"file":"C:\\Users\\AB219TX\\AppData\\Local\\Temp\\ts-node-dev-hook-6581231751227736.js","function":"require.extensions.<computed>","line":71,"method":"<computed>","native":false},{"column":13,"file":"C:\\xampp\\htdocs\\pustak\\server\\node_modules\\ts-node-dev\\lib\\hook.js","function":"Object.nodeDevHook [as .ts]","line":63,"method":"ts]","native":false},{"column":32,"file":"node:internal/modules/cjs/loader","function":"Module.load","line":1206,"method":"load","native":false},{"column":12,"file":"node:internal/modules/cjs/loader","function":"Module._load","line":1022,"method":"_load","native":false}]}
{"date":"Thu Jul 25 2024 11:31:49 GMT-0700 (Pacific Daylight Time)","error":{},"exception":true,"level":"error","message":"uncaughtException: ⨯ Unable to compile TypeScript:\nsrc/util/parseBookmarks.ts(6,10): error TS2305: Module '\"../typings/router\"' has no exported member 'Folder'.\r\nsrc/util/parseBookmarks.ts(6,18): error TS2305: Module '\"../typings/router\"' has no exported member 'Bookmark'.\r\n\nError: ⨯ Unable to compile TypeScript:\nsrc/util/parseBookmarks.ts(6,10): error TS2305: Module '\"../typings/router\"' has no exported member 'Folder'.\r\nsrc/util/parseBookmarks.ts(6,18): error TS2305: Module '\"../typings/router\"' has no exported member 'Bookmark'.\r\n\n    at Object.<anonymous> (C:\\xampp\\htdocs\\pustak\\server\\src\\util\\parseBookmarks.ts:1:7)\n    at Module._compile (node:internal/modules/cjs/loader:1369:14)\n    at Module._compile (C:\\xampp\\htdocs\\pustak\\server\\node_modules\\source-map-support\\source-map-support.js:568:25)\n    at Module.m._compile (C:\\Users\\AB219TX\\AppData\\Local\\Temp\\ts-node-dev-hook-6581231751227736.js:69:33)\n    at Module._extensions..js (node:internal/modules/cjs/loader:1427:10)\n    at require.extensions..jsx.require.extensions..js (C:\\Users\\AB219TX\\AppData\\Local\\Temp\\ts-node-dev-hook-6581231751227736.js:114:20)\n    at require.extensions.<computed> (C:\\Users\\AB219TX\\AppData\\Local\\Temp\\ts-node-dev-hook-6581231751227736.js:71:20)\n    at Object.nodeDevHook [as .ts] (C:\\xampp\\htdocs\\pustak\\server\\node_modules\\ts-node-dev\\lib\\hook.js:63:13)\n    at Module.load (node:internal/modules/cjs/loader:1206:32)\n    at Function.Module._load (node:internal/modules/cjs/loader:1022:12)","os":{"loadavg":[0,0,0],"uptime":957585.093},"process":{"argv":["C:\\Users\\AB219TX\\.nvm\\versions\\node\\v20.12.2\\bin\\node.exe","src/index.ts"],"cwd":"C:\\xampp\\htdocs\\pustak\\server","execPath":"C:\\Users\\AB219TX\\.nvm\\versions\\node\\v20.12.2\\bin\\node.exe","gid":null,"memoryUsage":{"arrayBuffers":271974,"external":2547558,"heapTotal":60973056,"heapUsed":32350456,"rss":95768576},"pid":17628,"uid":null,"version":"v20.12.2"},"service":"user-service","stack":"Error: ⨯ Unable to compile TypeScript:\nsrc/util/parseBookmarks.ts(6,10): error TS2305: Module '\"../typings/router\"' has no exported member 'Folder'.\r\nsrc/util/parseBookmarks.ts(6,18): error TS2305: Module '\"../typings/router\"' has no exported member 'Bookmark'.\r\n\n    at Object.<anonymous> (C:\\xampp\\htdocs\\pustak\\server\\src\\util\\parseBookmarks.ts:1:7)\n    at Module._compile (node:internal/modules/cjs/loader:1369:14)\n    at Module._compile (C:\\xampp\\htdocs\\pustak\\server\\node_modules\\source-map-support\\source-map-support.js:568:25)\n    at Module.m._compile (C:\\Users\\AB219TX\\AppData\\Local\\Temp\\ts-node-dev-hook-6581231751227736.js:69:33)\n    at Module._extensions..js (node:internal/modules/cjs/loader:1427:10)\n    at require.extensions..jsx.require.extensions..js (C:\\Users\\AB219TX\\AppData\\Local\\Temp\\ts-node-dev-hook-6581231751227736.js:114:20)\n    at require.extensions.<computed> (C:\\Users\\AB219TX\\AppData\\Local\\Temp\\ts-node-dev-hook-6581231751227736.js:71:20)\n    at Object.nodeDevHook [as .ts] (C:\\xampp\\htdocs\\pustak\\server\\node_modules\\ts-node-dev\\lib\\hook.js:63:13)\n    at Module.load (node:internal/modules/cjs/loader:1206:32)\n    at Function.Module._load (node:internal/modules/cjs/loader:1022:12)","timestamp":"2024-07-25 11:31:49","trace":[{"column":7,"file":"C:\\xampp\\htdocs\\pustak\\server\\src\\util\\parseBookmarks.ts","function":null,"line":1,"method":null,"native":false},{"column":14,"file":"node:internal/modules/cjs/loader","function":"Module._compile","line":1369,"method":"_compile","native":false},{"column":25,"file":"C:\\xampp\\htdocs\\pustak\\server\\node_modules\\source-map-support\\source-map-support.js","function":"Module._compile","line":568,"method":"_compile","native":false},{"column":33,"file":"C:\\Users\\AB219TX\\AppData\\Local\\Temp\\ts-node-dev-hook-6581231751227736.js","function":"Module.m._compile","line":69,"method":"_compile","native":false},{"column":10,"file":"node:internal/modules/cjs/loader","function":"Module._extensions..js","line":1427,"method":".js","native":false},{"column":20,"file":"C:\\Users\\AB219TX\\AppData\\Local\\Temp\\ts-node-dev-hook-6581231751227736.js","function":"require.extensions..jsx.require.extensions..js","line":114,"method":".js","native":false},{"column":20,"file":"C:\\Users\\AB219TX\\AppData\\Local\\Temp\\ts-node-dev-hook-6581231751227736.js","function":"require.extensions.<computed>","line":71,"method":"<computed>","native":false},{"column":13,"file":"C:\\xampp\\htdocs\\pustak\\server\\node_modules\\ts-node-dev\\lib\\hook.js","function":"Object.nodeDevHook [as .ts]","line":63,"method":"ts]","native":false},{"column":32,"file":"node:internal/modules/cjs/loader","function":"Module.load","line":1206,"method":"load","native":false},{"column":12,"file":"node:internal/modules/cjs/loader","function":"Module._load","line":1022,"method":"_load","native":false}]}
{"date":"Thu Jul 25 2024 11:32:29 GMT-0700 (Pacific Daylight Time)","error":{},"exception":true,"level":"error","message":"uncaughtException: ⨯ Unable to compile TypeScript:\nsrc/util/parseBookmarks.ts(6,10): error TS2305: Module '\"../typings/router\"' has no exported member 'Folder'.\r\nsrc/util/parseBookmarks.ts(6,18): error TS2305: Module '\"../typings/router\"' has no exported member 'Bookmark'.\r\n\nError: ⨯ Unable to compile TypeScript:\nsrc/util/parseBookmarks.ts(6,10): error TS2305: Module '\"../typings/router\"' has no exported member 'Folder'.\r\nsrc/util/parseBookmarks.ts(6,18): error TS2305: Module '\"../typings/router\"' has no exported member 'Bookmark'.\r\n\n    at Object.<anonymous> (C:\\xampp\\htdocs\\pustak\\server\\src\\util\\parseBookmarks.ts:1:7)\n    at Module._compile (node:internal/modules/cjs/loader:1369:14)\n    at Module._compile (C:\\xampp\\htdocs\\pustak\\server\\node_modules\\source-map-support\\source-map-support.js:568:25)\n    at Module.m._compile (C:\\Users\\AB219TX\\AppData\\Local\\Temp\\ts-node-dev-hook-6581231751227736.js:69:33)\n    at Module._extensions..js (node:internal/modules/cjs/loader:1427:10)\n    at require.extensions..jsx.require.extensions..js (C:\\Users\\AB219TX\\AppData\\Local\\Temp\\ts-node-dev-hook-6581231751227736.js:114:20)\n    at require.extensions.<computed> (C:\\Users\\AB219TX\\AppData\\Local\\Temp\\ts-node-dev-hook-6581231751227736.js:71:20)\n    at Object.nodeDevHook [as .ts] (C:\\xampp\\htdocs\\pustak\\server\\node_modules\\ts-node-dev\\lib\\hook.js:63:13)\n    at Module.load (node:internal/modules/cjs/loader:1206:32)\n    at Function.Module._load (node:internal/modules/cjs/loader:1022:12)","os":{"loadavg":[0,0,0],"uptime":957625.312},"process":{"argv":["C:\\Users\\AB219TX\\.nvm\\versions\\node\\v20.12.2\\bin\\node.exe","src/index.ts"],"cwd":"C:\\xampp\\htdocs\\pustak\\server","execPath":"C:\\Users\\AB219TX\\.nvm\\versions\\node\\v20.12.2\\bin\\node.exe","gid":null,"memoryUsage":{"arrayBuffers":516174,"external":2791758,"heapTotal":60186624,"heapUsed":38508424,"rss":94703616},"pid":22088,"uid":null,"version":"v20.12.2"},"service":"user-service","stack":"Error: ⨯ Unable to compile TypeScript:\nsrc/util/parseBookmarks.ts(6,10): error TS2305: Module '\"../typings/router\"' has no exported member 'Folder'.\r\nsrc/util/parseBookmarks.ts(6,18): error TS2305: Module '\"../typings/router\"' has no exported member 'Bookmark'.\r\n\n    at Object.<anonymous> (C:\\xampp\\htdocs\\pustak\\server\\src\\util\\parseBookmarks.ts:1:7)\n    at Module._compile (node:internal/modules/cjs/loader:1369:14)\n    at Module._compile (C:\\xampp\\htdocs\\pustak\\server\\node_modules\\source-map-support\\source-map-support.js:568:25)\n    at Module.m._compile (C:\\Users\\AB219TX\\AppData\\Local\\Temp\\ts-node-dev-hook-6581231751227736.js:69:33)\n    at Module._extensions..js (node:internal/modules/cjs/loader:1427:10)\n    at require.extensions..jsx.require.extensions..js (C:\\Users\\AB219TX\\AppData\\Local\\Temp\\ts-node-dev-hook-6581231751227736.js:114:20)\n    at require.extensions.<computed> (C:\\Users\\AB219TX\\AppData\\Local\\Temp\\ts-node-dev-hook-6581231751227736.js:71:20)\n    at Object.nodeDevHook [as .ts] (C:\\xampp\\htdocs\\pustak\\server\\node_modules\\ts-node-dev\\lib\\hook.js:63:13)\n    at Module.load (node:internal/modules/cjs/loader:1206:32)\n    at Function.Module._load (node:internal/modules/cjs/loader:1022:12)","timestamp":"2024-07-25 11:32:29","trace":[{"column":7,"file":"C:\\xampp\\htdocs\\pustak\\server\\src\\util\\parseBookmarks.ts","function":null,"line":1,"method":null,"native":false},{"column":14,"file":"node:internal/modules/cjs/loader","function":"Module._compile","line":1369,"method":"_compile","native":false},{"column":25,"file":"C:\\xampp\\htdocs\\pustak\\server\\node_modules\\source-map-support\\source-map-support.js","function":"Module._compile","line":568,"method":"_compile","native":false},{"column":33,"file":"C:\\Users\\AB219TX\\AppData\\Local\\Temp\\ts-node-dev-hook-6581231751227736.js","function":"Module.m._compile","line":69,"method":"_compile","native":false},{"column":10,"file":"node:internal/modules/cjs/loader","function":"Module._extensions..js","line":1427,"method":".js","native":false},{"column":20,"file":"C:\\Users\\AB219TX\\AppData\\Local\\Temp\\ts-node-dev-hook-6581231751227736.js","function":"require.extensions..jsx.require.extensions..js","line":114,"method":".js","native":false},{"column":20,"file":"C:\\Users\\AB219TX\\AppData\\Local\\Temp\\ts-node-dev-hook-6581231751227736.js","function":"require.extensions.<computed>","line":71,"method":"<computed>","native":false},{"column":13,"file":"C:\\xampp\\htdocs\\pustak\\server\\node_modules\\ts-node-dev\\lib\\hook.js","function":"Object.nodeDevHook [as .ts]","line":63,"method":"ts]","native":false},{"column":32,"file":"node:internal/modules/cjs/loader","function":"Module.load","line":1206,"method":"load","native":false},{"column":12,"file":"node:internal/modules/cjs/loader","function":"Module._load","line":1022,"method":"_load","native":false}]}
{"date":"Thu Jul 25 2024 11:33:07 GMT-0700 (Pacific Daylight Time)","error":{},"exception":true,"level":"error","message":"uncaughtException: ⨯ Unable to compile TypeScript:\nsrc/util/validator.ts(129,5): error TS2741: Property 'icon' is missing in type '{ url: string; title: string; addDate: string; type: \"bookmark\"; position: number; parentId: number | null; }' but required in type 'BookmarkType'.\r\n\nError: ⨯ Unable to compile TypeScript:\nsrc/util/validator.ts(129,5): error TS2741: Property 'icon' is missing in type '{ url: string; title: string; addDate: string; type: \"bookmark\"; position: number; parentId: number | null; }' but required in type 'BookmarkType'.\r\n\n    at Object.<anonymous> (C:\\xampp\\htdocs\\pustak\\server\\src\\util\\validator.ts:1:7)\n    at Module._compile (node:internal/modules/cjs/loader:1369:14)\n    at Module._compile (C:\\xampp\\htdocs\\pustak\\server\\node_modules\\source-map-support\\source-map-support.js:568:25)\n    at Module.m._compile (C:\\Users\\AB219TX\\AppData\\Local\\Temp\\ts-node-dev-hook-6581231751227736.js:69:33)\n    at Module._extensions..js (node:internal/modules/cjs/loader:1427:10)\n    at require.extensions..jsx.require.extensions..js (C:\\Users\\AB219TX\\AppData\\Local\\Temp\\ts-node-dev-hook-6581231751227736.js:114:20)\n    at require.extensions.<computed> (C:\\Users\\AB219TX\\AppData\\Local\\Temp\\ts-node-dev-hook-6581231751227736.js:71:20)\n    at Object.nodeDevHook [as .ts] (C:\\xampp\\htdocs\\pustak\\server\\node_modules\\ts-node-dev\\lib\\hook.js:63:13)\n    at Module.load (node:internal/modules/cjs/loader:1206:32)\n    at Function.Module._load (node:internal/modules/cjs/loader:1022:12)","os":{"loadavg":[0,0,0],"uptime":957663.421},"process":{"argv":["C:\\Users\\AB219TX\\.nvm\\versions\\node\\v20.12.2\\bin\\node.exe","src/index.ts"],"cwd":"C:\\xampp\\htdocs\\pustak\\server","execPath":"C:\\Users\\AB219TX\\.nvm\\versions\\node\\v20.12.2\\bin\\node.exe","gid":null,"memoryUsage":{"arrayBuffers":192709,"external":2473830,"heapTotal":62545920,"heapUsed":33758784,"rss":96575488},"pid":17168,"uid":null,"version":"v20.12.2"},"service":"user-service","stack":"Error: ⨯ Unable to compile TypeScript:\nsrc/util/validator.ts(129,5): error TS2741: Property 'icon' is missing in type '{ url: string; title: string; addDate: string; type: \"bookmark\"; position: number; parentId: number | null; }' but required in type 'BookmarkType'.\r\n\n    at Object.<anonymous> (C:\\xampp\\htdocs\\pustak\\server\\src\\util\\validator.ts:1:7)\n    at Module._compile (node:internal/modules/cjs/loader:1369:14)\n    at Module._compile (C:\\xampp\\htdocs\\pustak\\server\\node_modules\\source-map-support\\source-map-support.js:568:25)\n    at Module.m._compile (C:\\Users\\AB219TX\\AppData\\Local\\Temp\\ts-node-dev-hook-6581231751227736.js:69:33)\n    at Module._extensions..js (node:internal/modules/cjs/loader:1427:10)\n    at require.extensions..jsx.require.extensions..js (C:\\Users\\AB219TX\\AppData\\Local\\Temp\\ts-node-dev-hook-6581231751227736.js:114:20)\n    at require.extensions.<computed> (C:\\Users\\AB219TX\\AppData\\Local\\Temp\\ts-node-dev-hook-6581231751227736.js:71:20)\n    at Object.nodeDevHook [as .ts] (C:\\xampp\\htdocs\\pustak\\server\\node_modules\\ts-node-dev\\lib\\hook.js:63:13)\n    at Module.load (node:internal/modules/cjs/loader:1206:32)\n    at Function.Module._load (node:internal/modules/cjs/loader:1022:12)","timestamp":"2024-07-25 11:33:07","trace":[{"column":7,"file":"C:\\xampp\\htdocs\\pustak\\server\\src\\util\\validator.ts","function":null,"line":1,"method":null,"native":false},{"column":14,"file":"node:internal/modules/cjs/loader","function":"Module._compile","line":1369,"method":"_compile","native":false},{"column":25,"file":"C:\\xampp\\htdocs\\pustak\\server\\node_modules\\source-map-support\\source-map-support.js","function":"Module._compile","line":568,"method":"_compile","native":false},{"column":33,"file":"C:\\Users\\AB219TX\\AppData\\Local\\Temp\\ts-node-dev-hook-6581231751227736.js","function":"Module.m._compile","line":69,"method":"_compile","native":false},{"column":10,"file":"node:internal/modules/cjs/loader","function":"Module._extensions..js","line":1427,"method":".js","native":false},{"column":20,"file":"C:\\Users\\AB219TX\\AppData\\Local\\Temp\\ts-node-dev-hook-6581231751227736.js","function":"require.extensions..jsx.require.extensions..js","line":114,"method":".js","native":false},{"column":20,"file":"C:\\Users\\AB219TX\\AppData\\Local\\Temp\\ts-node-dev-hook-6581231751227736.js","function":"require.extensions.<computed>","line":71,"method":"<computed>","native":false},{"column":13,"file":"C:\\xampp\\htdocs\\pustak\\server\\node_modules\\ts-node-dev\\lib\\hook.js","function":"Object.nodeDevHook [as .ts]","line":63,"method":"ts]","native":false},{"column":32,"file":"node:internal/modules/cjs/loader","function":"Module.load","line":1206,"method":"load","native":false},{"column":12,"file":"node:internal/modules/cjs/loader","function":"Module._load","line":1022,"method":"_load","native":false}]}
{"date":"Thu Jul 25 2024 11:37:21 GMT-0700 (Pacific Daylight Time)","error":{},"exception":true,"level":"error","message":"uncaughtException: ⨯ Unable to compile TypeScript:\nsrc/controllers/folders.ts(4,10): error TS2305: Module '\"../util/validator\"' has no exported member 'validateFolder'.\r\n\nError: ⨯ Unable to compile TypeScript:\nsrc/controllers/folders.ts(4,10): error TS2305: Module '\"../util/validator\"' has no exported member 'validateFolder'.\r\n\n    at Object.<anonymous> (C:\\xampp\\htdocs\\pustak\\server\\src\\controllers\\folders.ts:1:7)\n    at Module._compile (node:internal/modules/cjs/loader:1369:14)\n    at Module._compile (C:\\xampp\\htdocs\\pustak\\server\\node_modules\\source-map-support\\source-map-support.js:568:25)\n    at Module.m._compile (C:\\Users\\AB219TX\\AppData\\Local\\Temp\\ts-node-dev-hook-6581231751227736.js:69:33)\n    at Module._extensions..js (node:internal/modules/cjs/loader:1427:10)\n    at require.extensions..jsx.require.extensions..js (C:\\Users\\AB219TX\\AppData\\Local\\Temp\\ts-node-dev-hook-6581231751227736.js:114:20)\n    at require.extensions.<computed> (C:\\Users\\AB219TX\\AppData\\Local\\Temp\\ts-node-dev-hook-6581231751227736.js:71:20)\n    at Object.nodeDevHook [as .ts] (C:\\xampp\\htdocs\\pustak\\server\\node_modules\\ts-node-dev\\lib\\hook.js:63:13)\n    at Module.load (node:internal/modules/cjs/loader:1206:32)\n    at Function.Module._load (node:internal/modules/cjs/loader:1022:12)","os":{"loadavg":[0,0,0],"uptime":957917.296},"process":{"argv":["C:\\Users\\AB219TX\\.nvm\\versions\\node\\v20.12.2\\bin\\node.exe","src/index.ts"],"cwd":"C:\\xampp\\htdocs\\pustak\\server","execPath":"C:\\Users\\AB219TX\\.nvm\\versions\\node\\v20.12.2\\bin\\node.exe","gid":null,"memoryUsage":{"arrayBuffers":190919,"external":2908006,"heapTotal":60448768,"heapUsed":27021928,"rss":94511104},"pid":11212,"uid":null,"version":"v20.12.2"},"service":"user-service","stack":"Error: ⨯ Unable to compile TypeScript:\nsrc/controllers/folders.ts(4,10): error TS2305: Module '\"../util/validator\"' has no exported member 'validateFolder'.\r\n\n    at Object.<anonymous> (C:\\xampp\\htdocs\\pustak\\server\\src\\controllers\\folders.ts:1:7)\n    at Module._compile (node:internal/modules/cjs/loader:1369:14)\n    at Module._compile (C:\\xampp\\htdocs\\pustak\\server\\node_modules\\source-map-support\\source-map-support.js:568:25)\n    at Module.m._compile (C:\\Users\\AB219TX\\AppData\\Local\\Temp\\ts-node-dev-hook-6581231751227736.js:69:33)\n    at Module._extensions..js (node:internal/modules/cjs/loader:1427:10)\n    at require.extensions..jsx.require.extensions..js (C:\\Users\\AB219TX\\AppData\\Local\\Temp\\ts-node-dev-hook-6581231751227736.js:114:20)\n    at require.extensions.<computed> (C:\\Users\\AB219TX\\AppData\\Local\\Temp\\ts-node-dev-hook-6581231751227736.js:71:20)\n    at Object.nodeDevHook [as .ts] (C:\\xampp\\htdocs\\pustak\\server\\node_modules\\ts-node-dev\\lib\\hook.js:63:13)\n    at Module.load (node:internal/modules/cjs/loader:1206:32)\n    at Function.Module._load (node:internal/modules/cjs/loader:1022:12)","timestamp":"2024-07-25 11:37:21","trace":[{"column":7,"file":"C:\\xampp\\htdocs\\pustak\\server\\src\\controllers\\folders.ts","function":null,"line":1,"method":null,"native":false},{"column":14,"file":"node:internal/modules/cjs/loader","function":"Module._compile","line":1369,"method":"_compile","native":false},{"column":25,"file":"C:\\xampp\\htdocs\\pustak\\server\\node_modules\\source-map-support\\source-map-support.js","function":"Module._compile","line":568,"method":"_compile","native":false},{"column":33,"file":"C:\\Users\\AB219TX\\AppData\\Local\\Temp\\ts-node-dev-hook-6581231751227736.js","function":"Module.m._compile","line":69,"method":"_compile","native":false},{"column":10,"file":"node:internal/modules/cjs/loader","function":"Module._extensions..js","line":1427,"method":".js","native":false},{"column":20,"file":"C:\\Users\\AB219TX\\AppData\\Local\\Temp\\ts-node-dev-hook-6581231751227736.js","function":"require.extensions..jsx.require.extensions..js","line":114,"method":".js","native":false},{"column":20,"file":"C:\\Users\\AB219TX\\AppData\\Local\\Temp\\ts-node-dev-hook-6581231751227736.js","function":"require.extensions.<computed>","line":71,"method":"<computed>","native":false},{"column":13,"file":"C:\\xampp\\htdocs\\pustak\\server\\node_modules\\ts-node-dev\\lib\\hook.js","function":"Object.nodeDevHook [as .ts]","line":63,"method":"ts]","native":false},{"column":32,"file":"node:internal/modules/cjs/loader","function":"Module.load","line":1206,"method":"load","native":false},{"column":12,"file":"node:internal/modules/cjs/loader","function":"Module._load","line":1022,"method":"_load","native":false}]}
{"date":"Thu Jul 25 2024 17:18:56 GMT-0700 (Pacific Daylight Time)","error":{},"exception":true,"level":"error","message":"uncaughtException: ⨯ Unable to compile TypeScript:\nsrc/controllers/folders.ts(4,10): error TS2305: Module '\"../util/validator\"' has no exported member 'validateFolder'.\r\n\nError: ⨯ Unable to compile TypeScript:\nsrc/controllers/folders.ts(4,10): error TS2305: Module '\"../util/validator\"' has no exported member 'validateFolder'.\r\n\n    at Object.<anonymous> (C:\\xampp\\htdocs\\pustak\\server\\src\\controllers\\folders.ts:1:7)\n    at Module._compile (node:internal/modules/cjs/loader:1369:14)\n    at Module._compile (C:\\xampp\\htdocs\\pustak\\server\\node_modules\\source-map-support\\source-map-support.js:568:25)\n    at Module.m._compile (C:\\Users\\AB219TX\\AppData\\Local\\Temp\\ts-node-dev-hook-6581231751227736.js:69:33)\n    at Module._extensions..js (node:internal/modules/cjs/loader:1427:10)\n    at require.extensions..jsx.require.extensions..js (C:\\Users\\AB219TX\\AppData\\Local\\Temp\\ts-node-dev-hook-6581231751227736.js:114:20)\n    at require.extensions.<computed> (C:\\Users\\AB219TX\\AppData\\Local\\Temp\\ts-node-dev-hook-6581231751227736.js:71:20)\n    at Object.nodeDevHook [as .ts] (C:\\xampp\\htdocs\\pustak\\server\\node_modules\\ts-node-dev\\lib\\hook.js:63:13)\n    at Module.load (node:internal/modules/cjs/loader:1206:32)\n    at Function.Module._load (node:internal/modules/cjs/loader:1022:12)","os":{"loadavg":[0,0,0],"uptime":978412.812},"process":{"argv":["C:\\Users\\AB219TX\\.nvm\\versions\\node\\v20.12.2\\bin\\node.exe","src/index.ts"],"cwd":"C:\\xampp\\htdocs\\pustak\\server","execPath":"C:\\Users\\AB219TX\\.nvm\\versions\\node\\v20.12.2\\bin\\node.exe","gid":null,"memoryUsage":{"arrayBuffers":625095,"external":2908006,"heapTotal":59138048,"heapUsed":39639960,"rss":93343744},"pid":13548,"uid":null,"version":"v20.12.2"},"service":"user-service","stack":"Error: ⨯ Unable to compile TypeScript:\nsrc/controllers/folders.ts(4,10): error TS2305: Module '\"../util/validator\"' has no exported member 'validateFolder'.\r\n\n    at Object.<anonymous> (C:\\xampp\\htdocs\\pustak\\server\\src\\controllers\\folders.ts:1:7)\n    at Module._compile (node:internal/modules/cjs/loader:1369:14)\n    at Module._compile (C:\\xampp\\htdocs\\pustak\\server\\node_modules\\source-map-support\\source-map-support.js:568:25)\n    at Module.m._compile (C:\\Users\\AB219TX\\AppData\\Local\\Temp\\ts-node-dev-hook-6581231751227736.js:69:33)\n    at Module._extensions..js (node:internal/modules/cjs/loader:1427:10)\n    at require.extensions..jsx.require.extensions..js (C:\\Users\\AB219TX\\AppData\\Local\\Temp\\ts-node-dev-hook-6581231751227736.js:114:20)\n    at require.extensions.<computed> (C:\\Users\\AB219TX\\AppData\\Local\\Temp\\ts-node-dev-hook-6581231751227736.js:71:20)\n    at Object.nodeDevHook [as .ts] (C:\\xampp\\htdocs\\pustak\\server\\node_modules\\ts-node-dev\\lib\\hook.js:63:13)\n    at Module.load (node:internal/modules/cjs/loader:1206:32)\n    at Function.Module._load (node:internal/modules/cjs/loader:1022:12)","timestamp":"2024-07-25 17:18:56","trace":[{"column":7,"file":"C:\\xampp\\htdocs\\pustak\\server\\src\\controllers\\folders.ts","function":null,"line":1,"method":null,"native":false},{"column":14,"file":"node:internal/modules/cjs/loader","function":"Module._compile","line":1369,"method":"_compile","native":false},{"column":25,"file":"C:\\xampp\\htdocs\\pustak\\server\\node_modules\\source-map-support\\source-map-support.js","function":"Module._compile","line":568,"method":"_compile","native":false},{"column":33,"file":"C:\\Users\\AB219TX\\AppData\\Local\\Temp\\ts-node-dev-hook-6581231751227736.js","function":"Module.m._compile","line":69,"method":"_compile","native":false},{"column":10,"file":"node:internal/modules/cjs/loader","function":"Module._extensions..js","line":1427,"method":".js","native":false},{"column":20,"file":"C:\\Users\\AB219TX\\AppData\\Local\\Temp\\ts-node-dev-hook-6581231751227736.js","function":"require.extensions..jsx.require.extensions..js","line":114,"method":".js","native":false},{"column":20,"file":"C:\\Users\\AB219TX\\AppData\\Local\\Temp\\ts-node-dev-hook-6581231751227736.js","function":"require.extensions.<computed>","line":71,"method":"<computed>","native":false},{"column":13,"file":"C:\\xampp\\htdocs\\pustak\\server\\node_modules\\ts-node-dev\\lib\\hook.js","function":"Object.nodeDevHook [as .ts]","line":63,"method":"ts]","native":false},{"column":32,"file":"node:internal/modules/cjs/loader","function":"Module.load","line":1206,"method":"load","native":false},{"column":12,"file":"node:internal/modules/cjs/loader","function":"Module._load","line":1022,"method":"_load","native":false}]}
{"date":"Thu Jul 25 2024 17:20:21 GMT-0700 (Pacific Daylight Time)","error":{},"exception":true,"level":"error","message":"uncaughtException: ⨯ Unable to compile TypeScript:\nsrc/controllers/folders.ts(4,10): error TS2305: Module '\"../util/validator\"' has no exported member 'validateFolder'.\r\n\nError: ⨯ Unable to compile TypeScript:\nsrc/controllers/folders.ts(4,10): error TS2305: Module '\"../util/validator\"' has no exported member 'validateFolder'.\r\n\n    at Object.<anonymous> (C:\\xampp\\htdocs\\pustak\\server\\src\\controllers\\folders.ts:1:7)\n    at Module._compile (node:internal/modules/cjs/loader:1369:14)\n    at Module._compile (C:\\xampp\\htdocs\\pustak\\server\\node_modules\\source-map-support\\source-map-support.js:568:25)\n    at Module.m._compile (C:\\Users\\AB219TX\\AppData\\Local\\Temp\\ts-node-dev-hook-6581231751227736.js:69:33)\n    at Module._extensions..js (node:internal/modules/cjs/loader:1427:10)\n    at require.extensions..jsx.require.extensions..js (C:\\Users\\AB219TX\\AppData\\Local\\Temp\\ts-node-dev-hook-6581231751227736.js:114:20)\n    at require.extensions.<computed> (C:\\Users\\AB219TX\\AppData\\Local\\Temp\\ts-node-dev-hook-6581231751227736.js:71:20)\n    at Object.nodeDevHook [as .ts] (C:\\xampp\\htdocs\\pustak\\server\\node_modules\\ts-node-dev\\lib\\hook.js:63:13)\n    at Module.load (node:internal/modules/cjs/loader:1206:32)\n    at Function.Module._load (node:internal/modules/cjs/loader:1022:12)","os":{"loadavg":[0,0,0],"uptime":978497.171},"process":{"argv":["C:\\Users\\AB219TX\\.nvm\\versions\\node\\v20.12.2\\bin\\node.exe","src/index.ts"],"cwd":"C:\\xampp\\htdocs\\pustak\\server","execPath":"C:\\Users\\AB219TX\\.nvm\\versions\\node\\v20.12.2\\bin\\node.exe","gid":null,"memoryUsage":{"arrayBuffers":625095,"external":2908006,"heapTotal":59400192,"heapUsed":39455312,"rss":93597696},"pid":21744,"uid":null,"version":"v20.12.2"},"service":"user-service","stack":"Error: ⨯ Unable to compile TypeScript:\nsrc/controllers/folders.ts(4,10): error TS2305: Module '\"../util/validator\"' has no exported member 'validateFolder'.\r\n\n    at Object.<anonymous> (C:\\xampp\\htdocs\\pustak\\server\\src\\controllers\\folders.ts:1:7)\n    at Module._compile (node:internal/modules/cjs/loader:1369:14)\n    at Module._compile (C:\\xampp\\htdocs\\pustak\\server\\node_modules\\source-map-support\\source-map-support.js:568:25)\n    at Module.m._compile (C:\\Users\\AB219TX\\AppData\\Local\\Temp\\ts-node-dev-hook-6581231751227736.js:69:33)\n    at Module._extensions..js (node:internal/modules/cjs/loader:1427:10)\n    at require.extensions..jsx.require.extensions..js (C:\\Users\\AB219TX\\AppData\\Local\\Temp\\ts-node-dev-hook-6581231751227736.js:114:20)\n    at require.extensions.<computed> (C:\\Users\\AB219TX\\AppData\\Local\\Temp\\ts-node-dev-hook-6581231751227736.js:71:20)\n    at Object.nodeDevHook [as .ts] (C:\\xampp\\htdocs\\pustak\\server\\node_modules\\ts-node-dev\\lib\\hook.js:63:13)\n    at Module.load (node:internal/modules/cjs/loader:1206:32)\n    at Function.Module._load (node:internal/modules/cjs/loader:1022:12)","timestamp":"2024-07-25 17:20:21","trace":[{"column":7,"file":"C:\\xampp\\htdocs\\pustak\\server\\src\\controllers\\folders.ts","function":null,"line":1,"method":null,"native":false},{"column":14,"file":"node:internal/modules/cjs/loader","function":"Module._compile","line":1369,"method":"_compile","native":false},{"column":25,"file":"C:\\xampp\\htdocs\\pustak\\server\\node_modules\\source-map-support\\source-map-support.js","function":"Module._compile","line":568,"method":"_compile","native":false},{"column":33,"file":"C:\\Users\\AB219TX\\AppData\\Local\\Temp\\ts-node-dev-hook-6581231751227736.js","function":"Module.m._compile","line":69,"method":"_compile","native":false},{"column":10,"file":"node:internal/modules/cjs/loader","function":"Module._extensions..js","line":1427,"method":".js","native":false},{"column":20,"file":"C:\\Users\\AB219TX\\AppData\\Local\\Temp\\ts-node-dev-hook-6581231751227736.js","function":"require.extensions..jsx.require.extensions..js","line":114,"method":".js","native":false},{"column":20,"file":"C:\\Users\\AB219TX\\AppData\\Local\\Temp\\ts-node-dev-hook-6581231751227736.js","function":"require.extensions.<computed>","line":71,"method":"<computed>","native":false},{"column":13,"file":"C:\\xampp\\htdocs\\pustak\\server\\node_modules\\ts-node-dev\\lib\\hook.js","function":"Object.nodeDevHook [as .ts]","line":63,"method":"ts]","native":false},{"column":32,"file":"node:internal/modules/cjs/loader","function":"Module.load","line":1206,"method":"load","native":false},{"column":12,"file":"node:internal/modules/cjs/loader","function":"Module._load","line":1022,"method":"_load","native":false}]}
{"date":"Thu Jul 25 2024 21:30:13 GMT-0700 (Pacific Daylight Time)","error":{},"exception":true,"level":"error","message":"uncaughtException: ⨯ Unable to compile TypeScript:\nsrc/util/validator.ts(144,37): error TS2554: Expected 1 arguments, but got 2.\r\nsrc/util/validator.ts(158,34): error TS2554: Expected 1 arguments, but got 2.\r\n\nError: ⨯ Unable to compile TypeScript:\nsrc/util/validator.ts(144,37): error TS2554: Expected 1 arguments, but got 2.\r\nsrc/util/validator.ts(158,34): error TS2554: Expected 1 arguments, but got 2.\r\n\n    at Object.<anonymous> (C:\\xampp\\htdocs\\pustak\\server\\src\\util\\validator.ts:1:7)\n    at Module._compile (node:internal/modules/cjs/loader:1369:14)\n    at Module._compile (C:\\xampp\\htdocs\\pustak\\server\\node_modules\\source-map-support\\source-map-support.js:568:25)\n    at Module.m._compile (C:\\Users\\AB219TX\\AppData\\Local\\Temp\\ts-node-dev-hook-2917927325474188.js:69:33)\n    at Module._extensions..js (node:internal/modules/cjs/loader:1427:10)\n    at require.extensions..jsx.require.extensions..js (C:\\Users\\AB219TX\\AppData\\Local\\Temp\\ts-node-dev-hook-2917927325474188.js:114:20)\n    at require.extensions.<computed> (C:\\Users\\AB219TX\\AppData\\Local\\Temp\\ts-node-dev-hook-2917927325474188.js:71:20)\n    at Object.nodeDevHook [as .ts] (C:\\xampp\\htdocs\\pustak\\server\\node_modules\\ts-node-dev\\lib\\hook.js:63:13)\n    at Module.load (node:internal/modules/cjs/loader:1206:32)\n    at Function.Module._load (node:internal/modules/cjs/loader:1022:12)","os":{"loadavg":[0,0,0],"uptime":993489.875},"process":{"argv":["C:\\Users\\AB219TX\\.nvm\\versions\\node\\v20.12.2\\bin\\node.exe","src/index.ts"],"cwd":"C:\\xampp\\htdocs\\pustak\\server","execPath":"C:\\Users\\AB219TX\\.nvm\\versions\\node\\v20.12.2\\bin\\node.exe","gid":null,"memoryUsage":{"arrayBuffers":240230,"external":2521422,"heapTotal":60448768,"heapUsed":29091168,"rss":94752768},"pid":3632,"uid":null,"version":"v20.12.2"},"service":"user-service","stack":"Error: ⨯ Unable to compile TypeScript:\nsrc/util/validator.ts(144,37): error TS2554: Expected 1 arguments, but got 2.\r\nsrc/util/validator.ts(158,34): error TS2554: Expected 1 arguments, but got 2.\r\n\n    at Object.<anonymous> (C:\\xampp\\htdocs\\pustak\\server\\src\\util\\validator.ts:1:7)\n    at Module._compile (node:internal/modules/cjs/loader:1369:14)\n    at Module._compile (C:\\xampp\\htdocs\\pustak\\server\\node_modules\\source-map-support\\source-map-support.js:568:25)\n    at Module.m._compile (C:\\Users\\AB219TX\\AppData\\Local\\Temp\\ts-node-dev-hook-2917927325474188.js:69:33)\n    at Module._extensions..js (node:internal/modules/cjs/loader:1427:10)\n    at require.extensions..jsx.require.extensions..js (C:\\Users\\AB219TX\\AppData\\Local\\Temp\\ts-node-dev-hook-2917927325474188.js:114:20)\n    at require.extensions.<computed> (C:\\Users\\AB219TX\\AppData\\Local\\Temp\\ts-node-dev-hook-2917927325474188.js:71:20)\n    at Object.nodeDevHook [as .ts] (C:\\xampp\\htdocs\\pustak\\server\\node_modules\\ts-node-dev\\lib\\hook.js:63:13)\n    at Module.load (node:internal/modules/cjs/loader:1206:32)\n    at Function.Module._load (node:internal/modules/cjs/loader:1022:12)","timestamp":"2024-07-25 21:30:14","trace":[{"column":7,"file":"C:\\xampp\\htdocs\\pustak\\server\\src\\util\\validator.ts","function":null,"line":1,"method":null,"native":false},{"column":14,"file":"node:internal/modules/cjs/loader","function":"Module._compile","line":1369,"method":"_compile","native":false},{"column":25,"file":"C:\\xampp\\htdocs\\pustak\\server\\node_modules\\source-map-support\\source-map-support.js","function":"Module._compile","line":568,"method":"_compile","native":false},{"column":33,"file":"C:\\Users\\AB219TX\\AppData\\Local\\Temp\\ts-node-dev-hook-2917927325474188.js","function":"Module.m._compile","line":69,"method":"_compile","native":false},{"column":10,"file":"node:internal/modules/cjs/loader","function":"Module._extensions..js","line":1427,"method":".js","native":false},{"column":20,"file":"C:\\Users\\AB219TX\\AppData\\Local\\Temp\\ts-node-dev-hook-2917927325474188.js","function":"require.extensions..jsx.require.extensions..js","line":114,"method":".js","native":false},{"column":20,"file":"C:\\Users\\AB219TX\\AppData\\Local\\Temp\\ts-node-dev-hook-2917927325474188.js","function":"require.extensions.<computed>","line":71,"method":"<computed>","native":false},{"column":13,"file":"C:\\xampp\\htdocs\\pustak\\server\\node_modules\\ts-node-dev\\lib\\hook.js","function":"Object.nodeDevHook [as .ts]","line":63,"method":"ts]","native":false},{"column":32,"file":"node:internal/modules/cjs/loader","function":"Module.load","line":1206,"method":"load","native":false},{"column":12,"file":"node:internal/modules/cjs/loader","function":"Module._load","line":1022,"method":"_load","native":false}]}
{"date":"Thu Jul 25 2024 21:33:28 GMT-0700 (Pacific Daylight Time)","error":{},"exception":true,"level":"error","message":"uncaughtException: ⨯ Unable to compile TypeScript:\nsrc/util/validator.ts(157,34): error TS2554: Expected 1 arguments, but got 2.\r\n\nError: ⨯ Unable to compile TypeScript:\nsrc/util/validator.ts(157,34): error TS2554: Expected 1 arguments, but got 2.\r\n\n    at Object.<anonymous> (C:\\xampp\\htdocs\\pustak\\server\\src\\util\\validator.ts:1:7)\n    at Module._compile (node:internal/modules/cjs/loader:1369:14)\n    at Module._compile (C:\\xampp\\htdocs\\pustak\\server\\node_modules\\source-map-support\\source-map-support.js:568:25)\n    at Module.m._compile (C:\\Users\\AB219TX\\AppData\\Local\\Temp\\ts-node-dev-hook-2917927325474188.js:69:33)\n    at Module._extensions..js (node:internal/modules/cjs/loader:1427:10)\n    at require.extensions..jsx.require.extensions..js (C:\\Users\\AB219TX\\AppData\\Local\\Temp\\ts-node-dev-hook-2917927325474188.js:114:20)\n    at require.extensions.<computed> (C:\\Users\\AB219TX\\AppData\\Local\\Temp\\ts-node-dev-hook-2917927325474188.js:71:20)\n    at Object.nodeDevHook [as .ts] (C:\\xampp\\htdocs\\pustak\\server\\node_modules\\ts-node-dev\\lib\\hook.js:63:13)\n    at Module.load (node:internal/modules/cjs/loader:1206:32)\n    at Function.Module._load (node:internal/modules/cjs/loader:1022:12)","os":{"loadavg":[0,0,0],"uptime":993684.078},"process":{"argv":["C:\\Users\\AB219TX\\.nvm\\versions\\node\\v20.12.2\\bin\\node.exe","src/index.ts"],"cwd":"C:\\xampp\\htdocs\\pustak\\server","execPath":"C:\\Users\\AB219TX\\.nvm\\versions\\node\\v20.12.2\\bin\\node.exe","gid":null,"memoryUsage":{"arrayBuffers":192557,"external":2939214,"heapTotal":61235200,"heapUsed":27706872,"rss":95444992},"pid":25532,"uid":null,"version":"v20.12.2"},"service":"user-service","stack":"Error: ⨯ Unable to compile TypeScript:\nsrc/util/validator.ts(157,34): error TS2554: Expected 1 arguments, but got 2.\r\n\n    at Object.<anonymous> (C:\\xampp\\htdocs\\pustak\\server\\src\\util\\validator.ts:1:7)\n    at Module._compile (node:internal/modules/cjs/loader:1369:14)\n    at Module._compile (C:\\xampp\\htdocs\\pustak\\server\\node_modules\\source-map-support\\source-map-support.js:568:25)\n    at Module.m._compile (C:\\Users\\AB219TX\\AppData\\Local\\Temp\\ts-node-dev-hook-2917927325474188.js:69:33)\n    at Module._extensions..js (node:internal/modules/cjs/loader:1427:10)\n    at require.extensions..jsx.require.extensions..js (C:\\Users\\AB219TX\\AppData\\Local\\Temp\\ts-node-dev-hook-2917927325474188.js:114:20)\n    at require.extensions.<computed> (C:\\Users\\AB219TX\\AppData\\Local\\Temp\\ts-node-dev-hook-2917927325474188.js:71:20)\n    at Object.nodeDevHook [as .ts] (C:\\xampp\\htdocs\\pustak\\server\\node_modules\\ts-node-dev\\lib\\hook.js:63:13)\n    at Module.load (node:internal/modules/cjs/loader:1206:32)\n    at Function.Module._load (node:internal/modules/cjs/loader:1022:12)","timestamp":"2024-07-25 21:33:28","trace":[{"column":7,"file":"C:\\xampp\\htdocs\\pustak\\server\\src\\util\\validator.ts","function":null,"line":1,"method":null,"native":false},{"column":14,"file":"node:internal/modules/cjs/loader","function":"Module._compile","line":1369,"method":"_compile","native":false},{"column":25,"file":"C:\\xampp\\htdocs\\pustak\\server\\node_modules\\source-map-support\\source-map-support.js","function":"Module._compile","line":568,"method":"_compile","native":false},{"column":33,"file":"C:\\Users\\AB219TX\\AppData\\Local\\Temp\\ts-node-dev-hook-2917927325474188.js","function":"Module.m._compile","line":69,"method":"_compile","native":false},{"column":10,"file":"node:internal/modules/cjs/loader","function":"Module._extensions..js","line":1427,"method":".js","native":false},{"column":20,"file":"C:\\Users\\AB219TX\\AppData\\Local\\Temp\\ts-node-dev-hook-2917927325474188.js","function":"require.extensions..jsx.require.extensions..js","line":114,"method":".js","native":false},{"column":20,"file":"C:\\Users\\AB219TX\\AppData\\Local\\Temp\\ts-node-dev-hook-2917927325474188.js","function":"require.extensions.<computed>","line":71,"method":"<computed>","native":false},{"column":13,"file":"C:\\xampp\\htdocs\\pustak\\server\\node_modules\\ts-node-dev\\lib\\hook.js","function":"Object.nodeDevHook [as .ts]","line":63,"method":"ts]","native":false},{"column":32,"file":"node:internal/modules/cjs/loader","function":"Module.load","line":1206,"method":"load","native":false},{"column":12,"file":"node:internal/modules/cjs/loader","function":"Module._load","line":1022,"method":"_load","native":false}]}
{"date":"Thu Jul 25 2024 21:34:30 GMT-0700 (Pacific Daylight Time)","error":{},"exception":true,"level":"error","message":"uncaughtException: ⨯ Unable to compile TypeScript:\nsrc/util/validator.ts(145,29): error TS2345: Argument of type 'string | number | null' is not assignable to parameter of type 'LooseObject'.\r\n  Type 'null' is not assignable to type 'LooseObject'.\r\nsrc/util/validator.ts(157,34): error TS2554: Expected 1 arguments, but got 2.\r\n\nError: ⨯ Unable to compile TypeScript:\nsrc/util/validator.ts(145,29): error TS2345: Argument of type 'string | number | null' is not assignable to parameter of type 'LooseObject'.\r\n  Type 'null' is not assignable to type 'LooseObject'.\r\nsrc/util/validator.ts(157,34): error TS2554: Expected 1 arguments, but got 2.\r\n\n    at Object.<anonymous> (C:\\xampp\\htdocs\\pustak\\server\\src\\util\\validator.ts:1:7)\n    at Module._compile (node:internal/modules/cjs/loader:1369:14)\n    at Module._compile (C:\\xampp\\htdocs\\pustak\\server\\node_modules\\source-map-support\\source-map-support.js:568:25)\n    at Module.m._compile (C:\\Users\\AB219TX\\AppData\\Local\\Temp\\ts-node-dev-hook-2917927325474188.js:69:33)\n    at Module._extensions..js (node:internal/modules/cjs/loader:1427:10)\n    at require.extensions..jsx.require.extensions..js (C:\\Users\\AB219TX\\AppData\\Local\\Temp\\ts-node-dev-hook-2917927325474188.js:114:20)\n    at require.extensions.<computed> (C:\\Users\\AB219TX\\AppData\\Local\\Temp\\ts-node-dev-hook-2917927325474188.js:71:20)\n    at Object.nodeDevHook [as .ts] (C:\\xampp\\htdocs\\pustak\\server\\node_modules\\ts-node-dev\\lib\\hook.js:63:13)\n    at Module.load (node:internal/modules/cjs/loader:1206:32)\n    at Function.Module._load (node:internal/modules/cjs/loader:1022:12)","os":{"loadavg":[0,0,0],"uptime":993746.421},"process":{"argv":["C:\\Users\\AB219TX\\.nvm\\versions\\node\\v20.12.2\\bin\\node.exe","src/index.ts"],"cwd":"C:\\xampp\\htdocs\\pustak\\server","execPath":"C:\\Users\\AB219TX\\.nvm\\versions\\node\\v20.12.2\\bin\\node.exe","gid":null,"memoryUsage":{"arrayBuffers":192759,"external":2939214,"heapTotal":60710912,"heapUsed":28165664,"rss":95277056},"pid":1764,"uid":null,"version":"v20.12.2"},"service":"user-service","stack":"Error: ⨯ Unable to compile TypeScript:\nsrc/util/validator.ts(145,29): error TS2345: Argument of type 'string | number | null' is not assignable to parameter of type 'LooseObject'.\r\n  Type 'null' is not assignable to type 'LooseObject'.\r\nsrc/util/validator.ts(157,34): error TS2554: Expected 1 arguments, but got 2.\r\n\n    at Object.<anonymous> (C:\\xampp\\htdocs\\pustak\\server\\src\\util\\validator.ts:1:7)\n    at Module._compile (node:internal/modules/cjs/loader:1369:14)\n    at Module._compile (C:\\xampp\\htdocs\\pustak\\server\\node_modules\\source-map-support\\source-map-support.js:568:25)\n    at Module.m._compile (C:\\Users\\AB219TX\\AppData\\Local\\Temp\\ts-node-dev-hook-2917927325474188.js:69:33)\n    at Module._extensions..js (node:internal/modules/cjs/loader:1427:10)\n    at require.extensions..jsx.require.extensions..js (C:\\Users\\AB219TX\\AppData\\Local\\Temp\\ts-node-dev-hook-2917927325474188.js:114:20)\n    at require.extensions.<computed> (C:\\Users\\AB219TX\\AppData\\Local\\Temp\\ts-node-dev-hook-2917927325474188.js:71:20)\n    at Object.nodeDevHook [as .ts] (C:\\xampp\\htdocs\\pustak\\server\\node_modules\\ts-node-dev\\lib\\hook.js:63:13)\n    at Module.load (node:internal/modules/cjs/loader:1206:32)\n    at Function.Module._load (node:internal/modules/cjs/loader:1022:12)","timestamp":"2024-07-25 21:34:30","trace":[{"column":7,"file":"C:\\xampp\\htdocs\\pustak\\server\\src\\util\\validator.ts","function":null,"line":1,"method":null,"native":false},{"column":14,"file":"node:internal/modules/cjs/loader","function":"Module._compile","line":1369,"method":"_compile","native":false},{"column":25,"file":"C:\\xampp\\htdocs\\pustak\\server\\node_modules\\source-map-support\\source-map-support.js","function":"Module._compile","line":568,"method":"_compile","native":false},{"column":33,"file":"C:\\Users\\AB219TX\\AppData\\Local\\Temp\\ts-node-dev-hook-2917927325474188.js","function":"Module.m._compile","line":69,"method":"_compile","native":false},{"column":10,"file":"node:internal/modules/cjs/loader","function":"Module._extensions..js","line":1427,"method":".js","native":false},{"column":20,"file":"C:\\Users\\AB219TX\\AppData\\Local\\Temp\\ts-node-dev-hook-2917927325474188.js","function":"require.extensions..jsx.require.extensions..js","line":114,"method":".js","native":false},{"column":20,"file":"C:\\Users\\AB219TX\\AppData\\Local\\Temp\\ts-node-dev-hook-2917927325474188.js","function":"require.extensions.<computed>","line":71,"method":"<computed>","native":false},{"column":13,"file":"C:\\xampp\\htdocs\\pustak\\server\\node_modules\\ts-node-dev\\lib\\hook.js","function":"Object.nodeDevHook [as .ts]","line":63,"method":"ts]","native":false},{"column":32,"file":"node:internal/modules/cjs/loader","function":"Module.load","line":1206,"method":"load","native":false},{"column":12,"file":"node:internal/modules/cjs/loader","function":"Module._load","line":1022,"method":"_load","native":false}]}
{"date":"Thu Jul 25 2024 21:36:10 GMT-0700 (Pacific Daylight Time)","error":{},"exception":true,"level":"error","message":"uncaughtException: ⨯ Unable to compile TypeScript:\nsrc/util/validator.ts(154,34): error TS2554: Expected 1 arguments, but got 2.\r\n\nError: ⨯ Unable to compile TypeScript:\nsrc/util/validator.ts(154,34): error TS2554: Expected 1 arguments, but got 2.\r\n\n    at Object.<anonymous> (C:\\xampp\\htdocs\\pustak\\server\\src\\util\\validator.ts:1:7)\n    at Module._compile (node:internal/modules/cjs/loader:1369:14)\n    at Module._compile (C:\\xampp\\htdocs\\pustak\\server\\node_modules\\source-map-support\\source-map-support.js:568:25)\n    at Module.m._compile (C:\\Users\\AB219TX\\AppData\\Local\\Temp\\ts-node-dev-hook-2917927325474188.js:69:33)\n    at Module._extensions..js (node:internal/modules/cjs/loader:1427:10)\n    at require.extensions..jsx.require.extensions..js (C:\\Users\\AB219TX\\AppData\\Local\\Temp\\ts-node-dev-hook-2917927325474188.js:114:20)\n    at require.extensions.<computed> (C:\\Users\\AB219TX\\AppData\\Local\\Temp\\ts-node-dev-hook-2917927325474188.js:71:20)\n    at Object.nodeDevHook [as .ts] (C:\\xampp\\htdocs\\pustak\\server\\node_modules\\ts-node-dev\\lib\\hook.js:63:13)\n    at Module.load (node:internal/modules/cjs/loader:1206:32)\n    at Function.Module._load (node:internal/modules/cjs/loader:1022:12)","os":{"loadavg":[0,0,0],"uptime":993846.859},"process":{"argv":["C:\\Users\\AB219TX\\.nvm\\versions\\node\\v20.12.2\\bin\\node.exe","src/index.ts"],"cwd":"C:\\xampp\\htdocs\\pustak\\server","execPath":"C:\\Users\\AB219TX\\.nvm\\versions\\node\\v20.12.2\\bin\\node.exe","gid":null,"memoryUsage":{"arrayBuffers":192557,"external":2939214,"heapTotal":59924480,"heapUsed":27995792,"rss":94322688},"pid":23996,"uid":null,"version":"v20.12.2"},"service":"user-service","stack":"Error: ⨯ Unable to compile TypeScript:\nsrc/util/validator.ts(154,34): error TS2554: Expected 1 arguments, but got 2.\r\n\n    at Object.<anonymous> (C:\\xampp\\htdocs\\pustak\\server\\src\\util\\validator.ts:1:7)\n    at Module._compile (node:internal/modules/cjs/loader:1369:14)\n    at Module._compile (C:\\xampp\\htdocs\\pustak\\server\\node_modules\\source-map-support\\source-map-support.js:568:25)\n    at Module.m._compile (C:\\Users\\AB219TX\\AppData\\Local\\Temp\\ts-node-dev-hook-2917927325474188.js:69:33)\n    at Module._extensions..js (node:internal/modules/cjs/loader:1427:10)\n    at require.extensions..jsx.require.extensions..js (C:\\Users\\AB219TX\\AppData\\Local\\Temp\\ts-node-dev-hook-2917927325474188.js:114:20)\n    at require.extensions.<computed> (C:\\Users\\AB219TX\\AppData\\Local\\Temp\\ts-node-dev-hook-2917927325474188.js:71:20)\n    at Object.nodeDevHook [as .ts] (C:\\xampp\\htdocs\\pustak\\server\\node_modules\\ts-node-dev\\lib\\hook.js:63:13)\n    at Module.load (node:internal/modules/cjs/loader:1206:32)\n    at Function.Module._load (node:internal/modules/cjs/loader:1022:12)","timestamp":"2024-07-25 21:36:10","trace":[{"column":7,"file":"C:\\xampp\\htdocs\\pustak\\server\\src\\util\\validator.ts","function":null,"line":1,"method":null,"native":false},{"column":14,"file":"node:internal/modules/cjs/loader","function":"Module._compile","line":1369,"method":"_compile","native":false},{"column":25,"file":"C:\\xampp\\htdocs\\pustak\\server\\node_modules\\source-map-support\\source-map-support.js","function":"Module._compile","line":568,"method":"_compile","native":false},{"column":33,"file":"C:\\Users\\AB219TX\\AppData\\Local\\Temp\\ts-node-dev-hook-2917927325474188.js","function":"Module.m._compile","line":69,"method":"_compile","native":false},{"column":10,"file":"node:internal/modules/cjs/loader","function":"Module._extensions..js","line":1427,"method":".js","native":false},{"column":20,"file":"C:\\Users\\AB219TX\\AppData\\Local\\Temp\\ts-node-dev-hook-2917927325474188.js","function":"require.extensions..jsx.require.extensions..js","line":114,"method":".js","native":false},{"column":20,"file":"C:\\Users\\AB219TX\\AppData\\Local\\Temp\\ts-node-dev-hook-2917927325474188.js","function":"require.extensions.<computed>","line":71,"method":"<computed>","native":false},{"column":13,"file":"C:\\xampp\\htdocs\\pustak\\server\\node_modules\\ts-node-dev\\lib\\hook.js","function":"Object.nodeDevHook [as .ts]","line":63,"method":"ts]","native":false},{"column":32,"file":"node:internal/modules/cjs/loader","function":"Module.load","line":1206,"method":"load","native":false},{"column":12,"file":"node:internal/modules/cjs/loader","function":"Module._load","line":1022,"method":"_load","native":false}]}
{"date":"Thu Jul 25 2024 21:39:02 GMT-0700 (Pacific Daylight Time)","error":{},"exception":true,"level":"error","message":"uncaughtException: ⨯ Unable to compile TypeScript:\nsrc/util/validator.ts(150,34): error TS2554: Expected 1 arguments, but got 2.\r\nsrc/util/validator.ts(153,33): error TS2554: Expected 1 arguments, but got 2.\r\n\nError: ⨯ Unable to compile TypeScript:\nsrc/util/validator.ts(150,34): error TS2554: Expected 1 arguments, but got 2.\r\nsrc/util/validator.ts(153,33): error TS2554: Expected 1 arguments, but got 2.\r\n\n    at Object.<anonymous> (C:\\xampp\\htdocs\\pustak\\server\\src\\util\\validator.ts:1:7)\n    at Module._compile (node:internal/modules/cjs/loader:1369:14)\n    at Module._compile (C:\\xampp\\htdocs\\pustak\\server\\node_modules\\source-map-support\\source-map-support.js:568:25)\n    at Module.m._compile (C:\\Users\\AB219TX\\AppData\\Local\\Temp\\ts-node-dev-hook-2917927325474188.js:69:33)\n    at Module._extensions..js (node:internal/modules/cjs/loader:1427:10)\n    at require.extensions..jsx.require.extensions..js (C:\\Users\\AB219TX\\AppData\\Local\\Temp\\ts-node-dev-hook-2917927325474188.js:114:20)\n    at require.extensions.<computed> (C:\\Users\\AB219TX\\AppData\\Local\\Temp\\ts-node-dev-hook-2917927325474188.js:71:20)\n    at Object.nodeDevHook [as .ts] (C:\\xampp\\htdocs\\pustak\\server\\node_modules\\ts-node-dev\\lib\\hook.js:63:13)\n    at Module.load (node:internal/modules/cjs/loader:1206:32)\n    at Function.Module._load (node:internal/modules/cjs/loader:1022:12)","os":{"loadavg":[0,0,0],"uptime":994018.671},"process":{"argv":["C:\\Users\\AB219TX\\.nvm\\versions\\node\\v20.12.2\\bin\\node.exe","src/index.ts"],"cwd":"C:\\xampp\\htdocs\\pustak\\server","execPath":"C:\\Users\\AB219TX\\.nvm\\versions\\node\\v20.12.2\\bin\\node.exe","gid":null,"memoryUsage":{"arrayBuffers":215654,"external":2496846,"heapTotal":59924480,"heapUsed":28422536,"rss":94294016},"pid":25408,"uid":null,"version":"v20.12.2"},"service":"user-service","stack":"Error: ⨯ Unable to compile TypeScript:\nsrc/util/validator.ts(150,34): error TS2554: Expected 1 arguments, but got 2.\r\nsrc/util/validator.ts(153,33): error TS2554: Expected 1 arguments, but got 2.\r\n\n    at Object.<anonymous> (C:\\xampp\\htdocs\\pustak\\server\\src\\util\\validator.ts:1:7)\n    at Module._compile (node:internal/modules/cjs/loader:1369:14)\n    at Module._compile (C:\\xampp\\htdocs\\pustak\\server\\node_modules\\source-map-support\\source-map-support.js:568:25)\n    at Module.m._compile (C:\\Users\\AB219TX\\AppData\\Local\\Temp\\ts-node-dev-hook-2917927325474188.js:69:33)\n    at Module._extensions..js (node:internal/modules/cjs/loader:1427:10)\n    at require.extensions..jsx.require.extensions..js (C:\\Users\\AB219TX\\AppData\\Local\\Temp\\ts-node-dev-hook-2917927325474188.js:114:20)\n    at require.extensions.<computed> (C:\\Users\\AB219TX\\AppData\\Local\\Temp\\ts-node-dev-hook-2917927325474188.js:71:20)\n    at Object.nodeDevHook [as .ts] (C:\\xampp\\htdocs\\pustak\\server\\node_modules\\ts-node-dev\\lib\\hook.js:63:13)\n    at Module.load (node:internal/modules/cjs/loader:1206:32)\n    at Function.Module._load (node:internal/modules/cjs/loader:1022:12)","timestamp":"2024-07-25 21:39:02","trace":[{"column":7,"file":"C:\\xampp\\htdocs\\pustak\\server\\src\\util\\validator.ts","function":null,"line":1,"method":null,"native":false},{"column":14,"file":"node:internal/modules/cjs/loader","function":"Module._compile","line":1369,"method":"_compile","native":false},{"column":25,"file":"C:\\xampp\\htdocs\\pustak\\server\\node_modules\\source-map-support\\source-map-support.js","function":"Module._compile","line":568,"method":"_compile","native":false},{"column":33,"file":"C:\\Users\\AB219TX\\AppData\\Local\\Temp\\ts-node-dev-hook-2917927325474188.js","function":"Module.m._compile","line":69,"method":"_compile","native":false},{"column":10,"file":"node:internal/modules/cjs/loader","function":"Module._extensions..js","line":1427,"method":".js","native":false},{"column":20,"file":"C:\\Users\\AB219TX\\AppData\\Local\\Temp\\ts-node-dev-hook-2917927325474188.js","function":"require.extensions..jsx.require.extensions..js","line":114,"method":".js","native":false},{"column":20,"file":"C:\\Users\\AB219TX\\AppData\\Local\\Temp\\ts-node-dev-hook-2917927325474188.js","function":"require.extensions.<computed>","line":71,"method":"<computed>","native":false},{"column":13,"file":"C:\\xampp\\htdocs\\pustak\\server\\node_modules\\ts-node-dev\\lib\\hook.js","function":"Object.nodeDevHook [as .ts]","line":63,"method":"ts]","native":false},{"column":32,"file":"node:internal/modules/cjs/loader","function":"Module.load","line":1206,"method":"load","native":false},{"column":12,"file":"node:internal/modules/cjs/loader","function":"Module._load","line":1022,"method":"_load","native":false}]}
{"date":"Thu Jul 25 2024 21:44:17 GMT-0700 (Pacific Daylight Time)","error":{},"exception":true,"level":"error","message":"uncaughtException: ⨯ Unable to compile TypeScript:\nsrc/util/validator.ts(126,30): error TS2339: Property 'title' does not exist on type 'object'.\r\nsrc/util/validator.ts(127,31): error TS2339: Property 'addDate' does not exist on type 'object'.\r\nsrc/util/validator.ts(128,36): error TS2339: Property 'lastModified' does not exist on type 'object'.\r\nsrc/util/validator.ts(129,34): error TS2339: Property 'type' does not exist on type 'object'.\r\nsrc/util/validator.ts(130,36): error TS2339: Property 'position' does not exist on type 'object'.\r\nsrc/util/validator.ts(131,30): error TS2339: Property 'parentId' does not exist on type 'object'.\r\nsrc/util/validator.ts(140,28): error TS2339: Property 'url' does not exist on type 'object'.\r\nsrc/util/validator.ts(141,32): error TS2339: Property 'title' does not exist on type 'object'.\r\nsrc/util/validator.ts(142,33): error TS2339: Property 'addDate' does not exist on type 'object'.\r\nsrc/util/validator.ts(143,38): error TS2339: Property 'type' does not exist on type 'object'.\r\nsrc/util/validator.ts(144,38): error TS2339: Property 'position' does not exist on type 'object'.\r\nsrc/util/validator.ts(145,32): error TS2339: Property 'parentId' does not exist on type 'object'.\r\nsrc/util/validator.ts(146,30): error TS2339: Property 'icon' does not exist on type 'object'.\r\n\nError: ⨯ Unable to compile TypeScript:\nsrc/util/validator.ts(126,30): error TS2339: Property 'title' does not exist on type 'object'.\r\nsrc/util/validator.ts(127,31): error TS2339: Property 'addDate' does not exist on type 'object'.\r\nsrc/util/validator.ts(128,36): error TS2339: Property 'lastModified' does not exist on type 'object'.\r\nsrc/util/validator.ts(129,34): error TS2339: Property 'type' does not exist on type 'object'.\r\nsrc/util/validator.ts(130,36): error TS2339: Property 'position' does not exist on type 'object'.\r\nsrc/util/validator.ts(131,30): error TS2339: Property 'parentId' does not exist on type 'object'.\r\nsrc/util/validator.ts(140,28): error TS2339: Property 'url' does not exist on type 'object'.\r\nsrc/util/validator.ts(141,32): error TS2339: Property 'title' does not exist on type 'object'.\r\nsrc/util/validator.ts(142,33): error TS2339: Property 'addDate' does not exist on type 'object'.\r\nsrc/util/validator.ts(143,38): error TS2339: Property 'type' does not exist on type 'object'.\r\nsrc/util/validator.ts(144,38): error TS2339: Property 'position' does not exist on type 'object'.\r\nsrc/util/validator.ts(145,32): error TS2339: Property 'parentId' does not exist on type 'object'.\r\nsrc/util/validator.ts(146,30): error TS2339: Property 'icon' does not exist on type 'object'.\r\n\n    at Object.<anonymous> (C:\\xampp\\htdocs\\pustak\\server\\src\\util\\validator.ts:1:7)\n    at Module._compile (node:internal/modules/cjs/loader:1369:14)\n    at Module._compile (C:\\xampp\\htdocs\\pustak\\server\\node_modules\\source-map-support\\source-map-support.js:568:25)\n    at Module.m._compile (C:\\Users\\AB219TX\\AppData\\Local\\Temp\\ts-node-dev-hook-2917927325474188.js:69:33)\n    at Module._extensions..js (node:internal/modules/cjs/loader:1427:10)\n    at require.extensions..jsx.require.extensions..js (C:\\Users\\AB219TX\\AppData\\Local\\Temp\\ts-node-dev-hook-2917927325474188.js:114:20)\n    at require.extensions.<computed> (C:\\Users\\AB219TX\\AppData\\Local\\Temp\\ts-node-dev-hook-2917927325474188.js:71:20)\n    at Object.nodeDevHook [as .ts] (C:\\xampp\\htdocs\\pustak\\server\\node_modules\\ts-node-dev\\lib\\hook.js:63:13)\n    at Module.load (node:internal/modules/cjs/loader:1206:32)\n    at Function.Module._load (node:internal/modules/cjs/loader:1022:12)","os":{"loadavg":[0,0,0],"uptime":994333.718},"process":{"argv":["C:\\Users\\AB219TX\\.nvm\\versions\\node\\v20.12.2\\bin\\node.exe","src/index.ts"],"cwd":"C:\\xampp\\htdocs\\pustak\\server","execPath":"C:\\Users\\AB219TX\\.nvm\\versions\\node\\v20.12.2\\bin\\node.exe","gid":null,"memoryUsage":{"arrayBuffers":233168,"external":2513230,"heapTotal":60448768,"heapUsed":28698768,"rss":94973952},"pid":25508,"uid":null,"version":"v20.12.2"},"service":"user-service","stack":"Error: ⨯ Unable to compile TypeScript:\nsrc/util/validator.ts(126,30): error TS2339: Property 'title' does not exist on type 'object'.\r\nsrc/util/validator.ts(127,31): error TS2339: Property 'addDate' does not exist on type 'object'.\r\nsrc/util/validator.ts(128,36): error TS2339: Property 'lastModified' does not exist on type 'object'.\r\nsrc/util/validator.ts(129,34): error TS2339: Property 'type' does not exist on type 'object'.\r\nsrc/util/validator.ts(130,36): error TS2339: Property 'position' does not exist on type 'object'.\r\nsrc/util/validator.ts(131,30): error TS2339: Property 'parentId' does not exist on type 'object'.\r\nsrc/util/validator.ts(140,28): error TS2339: Property 'url' does not exist on type 'object'.\r\nsrc/util/validator.ts(141,32): error TS2339: Property 'title' does not exist on type 'object'.\r\nsrc/util/validator.ts(142,33): error TS2339: Property 'addDate' does not exist on type 'object'.\r\nsrc/util/validator.ts(143,38): error TS2339: Property 'type' does not exist on type 'object'.\r\nsrc/util/validator.ts(144,38): error TS2339: Property 'position' does not exist on type 'object'.\r\nsrc/util/validator.ts(145,32): error TS2339: Property 'parentId' does not exist on type 'object'.\r\nsrc/util/validator.ts(146,30): error TS2339: Property 'icon' does not exist on type 'object'.\r\n\n    at Object.<anonymous> (C:\\xampp\\htdocs\\pustak\\server\\src\\util\\validator.ts:1:7)\n    at Module._compile (node:internal/modules/cjs/loader:1369:14)\n    at Module._compile (C:\\xampp\\htdocs\\pustak\\server\\node_modules\\source-map-support\\source-map-support.js:568:25)\n    at Module.m._compile (C:\\Users\\AB219TX\\AppData\\Local\\Temp\\ts-node-dev-hook-2917927325474188.js:69:33)\n    at Module._extensions..js (node:internal/modules/cjs/loader:1427:10)\n    at require.extensions..jsx.require.extensions..js (C:\\Users\\AB219TX\\AppData\\Local\\Temp\\ts-node-dev-hook-2917927325474188.js:114:20)\n    at require.extensions.<computed> (C:\\Users\\AB219TX\\AppData\\Local\\Temp\\ts-node-dev-hook-2917927325474188.js:71:20)\n    at Object.nodeDevHook [as .ts] (C:\\xampp\\htdocs\\pustak\\server\\node_modules\\ts-node-dev\\lib\\hook.js:63:13)\n    at Module.load (node:internal/modules/cjs/loader:1206:32)\n    at Function.Module._load (node:internal/modules/cjs/loader:1022:12)","timestamp":"2024-07-25 21:44:17","trace":[{"column":7,"file":"C:\\xampp\\htdocs\\pustak\\server\\src\\util\\validator.ts","function":null,"line":1,"method":null,"native":false},{"column":14,"file":"node:internal/modules/cjs/loader","function":"Module._compile","line":1369,"method":"_compile","native":false},{"column":25,"file":"C:\\xampp\\htdocs\\pustak\\server\\node_modules\\source-map-support\\source-map-support.js","function":"Module._compile","line":568,"method":"_compile","native":false},{"column":33,"file":"C:\\Users\\AB219TX\\AppData\\Local\\Temp\\ts-node-dev-hook-2917927325474188.js","function":"Module.m._compile","line":69,"method":"_compile","native":false},{"column":10,"file":"node:internal/modules/cjs/loader","function":"Module._extensions..js","line":1427,"method":".js","native":false},{"column":20,"file":"C:\\Users\\AB219TX\\AppData\\Local\\Temp\\ts-node-dev-hook-2917927325474188.js","function":"require.extensions..jsx.require.extensions..js","line":114,"method":".js","native":false},{"column":20,"file":"C:\\Users\\AB219TX\\AppData\\Local\\Temp\\ts-node-dev-hook-2917927325474188.js","function":"require.extensions.<computed>","line":71,"method":"<computed>","native":false},{"column":13,"file":"C:\\xampp\\htdocs\\pustak\\server\\node_modules\\ts-node-dev\\lib\\hook.js","function":"Object.nodeDevHook [as .ts]","line":63,"method":"ts]","native":false},{"column":32,"file":"node:internal/modules/cjs/loader","function":"Module.load","line":1206,"method":"load","native":false},{"column":12,"file":"node:internal/modules/cjs/loader","function":"Module._load","line":1022,"method":"_load","native":false}]}
{"date":"Thu Jul 25 2024 21:59:06 GMT-0700 (Pacific Daylight Time)","error":{},"exception":true,"level":"error","message":"uncaughtException: ⨯ Unable to compile TypeScript:\nsrc/controllers/uploads.ts(57,20): error TS2339: Property 'temp_parent_id' does not exist on type 'FolderType'.\r\nsrc/controllers/uploads.ts(58,36): error TS2339: Property 'temp_parent_id' does not exist on type 'FolderType'.\r\nsrc/controllers/uploads.ts(65,32): error TS2339: Property 'temp_parent_id' does not exist on type 'FolderType'.\r\nsrc/controllers/uploads.ts(66,42): error TS2339: Property 'temp_parent_id' does not exist on type 'FolderType'.\r\nsrc/controllers/uploads.ts(72,51): error TS2339: Property 'temp_id' does not exist on type 'FolderType'.\r\nsrc/controllers/uploads.ts(92,32): error TS2339: Property 'temp_parent_id' does not exist on type 'BookmarkType'.\r\nsrc/controllers/uploads.ts(93,42): error TS2339: Property 'temp_parent_id' does not exist on type 'BookmarkType'.\r\n\nError: ⨯ Unable to compile TypeScript:\nsrc/controllers/uploads.ts(57,20): error TS2339: Property 'temp_parent_id' does not exist on type 'FolderType'.\r\nsrc/controllers/uploads.ts(58,36): error TS2339: Property 'temp_parent_id' does not exist on type 'FolderType'.\r\nsrc/controllers/uploads.ts(65,32): error TS2339: Property 'temp_parent_id' does not exist on type 'FolderType'.\r\nsrc/controllers/uploads.ts(66,42): error TS2339: Property 'temp_parent_id' does not exist on type 'FolderType'.\r\nsrc/controllers/uploads.ts(72,51): error TS2339: Property 'temp_id' does not exist on type 'FolderType'.\r\nsrc/controllers/uploads.ts(92,32): error TS2339: Property 'temp_parent_id' does not exist on type 'BookmarkType'.\r\nsrc/controllers/uploads.ts(93,42): error TS2339: Property 'temp_parent_id' does not exist on type 'BookmarkType'.\r\n\n    at Object.<anonymous> (C:\\xampp\\htdocs\\pustak\\server\\src\\controllers\\uploads.ts:1:7)\n    at Module._compile (node:internal/modules/cjs/loader:1369:14)\n    at Module._compile (C:\\xampp\\htdocs\\pustak\\server\\node_modules\\source-map-support\\source-map-support.js:568:25)\n    at Module.m._compile (C:\\Users\\AB219TX\\AppData\\Local\\Temp\\ts-node-dev-hook-2917927325474188.js:69:33)\n    at Module._extensions..js (node:internal/modules/cjs/loader:1427:10)\n    at require.extensions..jsx.require.extensions..js (C:\\Users\\AB219TX\\AppData\\Local\\Temp\\ts-node-dev-hook-2917927325474188.js:114:20)\n    at require.extensions.<computed> (C:\\Users\\AB219TX\\AppData\\Local\\Temp\\ts-node-dev-hook-2917927325474188.js:71:20)\n    at Object.nodeDevHook [as .ts] (C:\\xampp\\htdocs\\pustak\\server\\node_modules\\ts-node-dev\\lib\\hook.js:63:13)\n    at Module.load (node:internal/modules/cjs/loader:1206:32)\n    at Function.Module._load (node:internal/modules/cjs/loader:1022:12)","os":{"loadavg":[0,0,0],"uptime":995222.671},"process":{"argv":["C:\\Users\\AB219TX\\.nvm\\versions\\node\\v20.12.2\\bin\\node.exe","src/index.ts"],"cwd":"C:\\xampp\\htdocs\\pustak\\server","execPath":"C:\\Users\\AB219TX\\.nvm\\versions\\node\\v20.12.2\\bin\\node.exe","gid":null,"memoryUsage":{"arrayBuffers":194340,"external":2939214,"heapTotal":60641280,"heapUsed":27772912,"rss":95203328},"pid":10644,"uid":null,"version":"v20.12.2"},"service":"user-service","stack":"Error: ⨯ Unable to compile TypeScript:\nsrc/controllers/uploads.ts(57,20): error TS2339: Property 'temp_parent_id' does not exist on type 'FolderType'.\r\nsrc/controllers/uploads.ts(58,36): error TS2339: Property 'temp_parent_id' does not exist on type 'FolderType'.\r\nsrc/controllers/uploads.ts(65,32): error TS2339: Property 'temp_parent_id' does not exist on type 'FolderType'.\r\nsrc/controllers/uploads.ts(66,42): error TS2339: Property 'temp_parent_id' does not exist on type 'FolderType'.\r\nsrc/controllers/uploads.ts(72,51): error TS2339: Property 'temp_id' does not exist on type 'FolderType'.\r\nsrc/controllers/uploads.ts(92,32): error TS2339: Property 'temp_parent_id' does not exist on type 'BookmarkType'.\r\nsrc/controllers/uploads.ts(93,42): error TS2339: Property 'temp_parent_id' does not exist on type 'BookmarkType'.\r\n\n    at Object.<anonymous> (C:\\xampp\\htdocs\\pustak\\server\\src\\controllers\\uploads.ts:1:7)\n    at Module._compile (node:internal/modules/cjs/loader:1369:14)\n    at Module._compile (C:\\xampp\\htdocs\\pustak\\server\\node_modules\\source-map-support\\source-map-support.js:568:25)\n    at Module.m._compile (C:\\Users\\AB219TX\\AppData\\Local\\Temp\\ts-node-dev-hook-2917927325474188.js:69:33)\n    at Module._extensions..js (node:internal/modules/cjs/loader:1427:10)\n    at require.extensions..jsx.require.extensions..js (C:\\Users\\AB219TX\\AppData\\Local\\Temp\\ts-node-dev-hook-2917927325474188.js:114:20)\n    at require.extensions.<computed> (C:\\Users\\AB219TX\\AppData\\Local\\Temp\\ts-node-dev-hook-2917927325474188.js:71:20)\n    at Object.nodeDevHook [as .ts] (C:\\xampp\\htdocs\\pustak\\server\\node_modules\\ts-node-dev\\lib\\hook.js:63:13)\n    at Module.load (node:internal/modules/cjs/loader:1206:32)\n    at Function.Module._load (node:internal/modules/cjs/loader:1022:12)","timestamp":"2024-07-25 21:59:06","trace":[{"column":7,"file":"C:\\xampp\\htdocs\\pustak\\server\\src\\controllers\\uploads.ts","function":null,"line":1,"method":null,"native":false},{"column":14,"file":"node:internal/modules/cjs/loader","function":"Module._compile","line":1369,"method":"_compile","native":false},{"column":25,"file":"C:\\xampp\\htdocs\\pustak\\server\\node_modules\\source-map-support\\source-map-support.js","function":"Module._compile","line":568,"method":"_compile","native":false},{"column":33,"file":"C:\\Users\\AB219TX\\AppData\\Local\\Temp\\ts-node-dev-hook-2917927325474188.js","function":"Module.m._compile","line":69,"method":"_compile","native":false},{"column":10,"file":"node:internal/modules/cjs/loader","function":"Module._extensions..js","line":1427,"method":".js","native":false},{"column":20,"file":"C:\\Users\\AB219TX\\AppData\\Local\\Temp\\ts-node-dev-hook-2917927325474188.js","function":"require.extensions..jsx.require.extensions..js","line":114,"method":".js","native":false},{"column":20,"file":"C:\\Users\\AB219TX\\AppData\\Local\\Temp\\ts-node-dev-hook-2917927325474188.js","function":"require.extensions.<computed>","line":71,"method":"<computed>","native":false},{"column":13,"file":"C:\\xampp\\htdocs\\pustak\\server\\node_modules\\ts-node-dev\\lib\\hook.js","function":"Object.nodeDevHook [as .ts]","line":63,"method":"ts]","native":false},{"column":32,"file":"node:internal/modules/cjs/loader","function":"Module.load","line":1206,"method":"load","native":false},{"column":12,"file":"node:internal/modules/cjs/loader","function":"Module._load","line":1022,"method":"_load","native":false}]}
{"date":"Thu Jul 25 2024 22:00:46 GMT-0700 (Pacific Daylight Time)","error":{},"exception":true,"level":"error","message":"uncaughtException: ⨯ Unable to compile TypeScript:\nsrc/controllers/uploads.ts(57,20): error TS2339: Property 'temp_parent_id' does not exist on type 'FolderType'.\r\nsrc/controllers/uploads.ts(58,36): error TS2339: Property 'temp_parent_id' does not exist on type 'FolderType'.\r\nsrc/controllers/uploads.ts(65,32): error TS2339: Property 'temp_parent_id' does not exist on type 'FolderType'.\r\nsrc/controllers/uploads.ts(66,42): error TS2339: Property 'temp_parent_id' does not exist on type 'FolderType'.\r\nsrc/controllers/uploads.ts(72,51): error TS2339: Property 'temp_id' does not exist on type 'FolderType'.\r\nsrc/controllers/uploads.ts(92,32): error TS2339: Property 'temp_parent_id' does not exist on type 'BookmarkType'.\r\nsrc/controllers/uploads.ts(93,42): error TS2339: Property 'temp_parent_id' does not exist on type 'BookmarkType'.\r\n\nError: ⨯ Unable to compile TypeScript:\nsrc/controllers/uploads.ts(57,20): error TS2339: Property 'temp_parent_id' does not exist on type 'FolderType'.\r\nsrc/controllers/uploads.ts(58,36): error TS2339: Property 'temp_parent_id' does not exist on type 'FolderType'.\r\nsrc/controllers/uploads.ts(65,32): error TS2339: Property 'temp_parent_id' does not exist on type 'FolderType'.\r\nsrc/controllers/uploads.ts(66,42): error TS2339: Property 'temp_parent_id' does not exist on type 'FolderType'.\r\nsrc/controllers/uploads.ts(72,51): error TS2339: Property 'temp_id' does not exist on type 'FolderType'.\r\nsrc/controllers/uploads.ts(92,32): error TS2339: Property 'temp_parent_id' does not exist on type 'BookmarkType'.\r\nsrc/controllers/uploads.ts(93,42): error TS2339: Property 'temp_parent_id' does not exist on type 'BookmarkType'.\r\n\n    at Object.<anonymous> (C:\\xampp\\htdocs\\pustak\\server\\src\\controllers\\uploads.ts:1:7)\n    at Module._compile (node:internal/modules/cjs/loader:1369:14)\n    at Module._compile (C:\\xampp\\htdocs\\pustak\\server\\node_modules\\source-map-support\\source-map-support.js:568:25)\n    at Module.m._compile (C:\\Users\\AB219TX\\AppData\\Local\\Temp\\ts-node-dev-hook-8258279627539507.js:69:33)\n    at Module._extensions..js (node:internal/modules/cjs/loader:1427:10)\n    at require.extensions..jsx.require.extensions..js (C:\\Users\\AB219TX\\AppData\\Local\\Temp\\ts-node-dev-hook-8258279627539507.js:114:20)\n    at require.extensions.<computed> (C:\\Users\\AB219TX\\AppData\\Local\\Temp\\ts-node-dev-hook-8258279627539507.js:71:20)\n    at Object.nodeDevHook [as .ts] (C:\\xampp\\htdocs\\pustak\\server\\node_modules\\ts-node-dev\\lib\\hook.js:63:13)\n    at Module.load (node:internal/modules/cjs/loader:1206:32)\n    at Function.Module._load (node:internal/modules/cjs/loader:1022:12)","os":{"loadavg":[0,0,0],"uptime":995322.796},"process":{"argv":["C:\\Users\\AB219TX\\.nvm\\versions\\node\\v20.12.2\\bin\\node.exe","src/index.ts"],"cwd":"C:\\xampp\\htdocs\\pustak\\server","execPath":"C:\\Users\\AB219TX\\.nvm\\versions\\node\\v20.12.2\\bin\\node.exe","gid":null,"memoryUsage":{"arrayBuffers":225548,"external":2506879,"heapTotal":60973056,"heapUsed":37369240,"rss":95490048},"pid":6432,"uid":null,"version":"v20.12.2"},"service":"user-service","stack":"Error: ⨯ Unable to compile TypeScript:\nsrc/controllers/uploads.ts(57,20): error TS2339: Property 'temp_parent_id' does not exist on type 'FolderType'.\r\nsrc/controllers/uploads.ts(58,36): error TS2339: Property 'temp_parent_id' does not exist on type 'FolderType'.\r\nsrc/controllers/uploads.ts(65,32): error TS2339: Property 'temp_parent_id' does not exist on type 'FolderType'.\r\nsrc/controllers/uploads.ts(66,42): error TS2339: Property 'temp_parent_id' does not exist on type 'FolderType'.\r\nsrc/controllers/uploads.ts(72,51): error TS2339: Property 'temp_id' does not exist on type 'FolderType'.\r\nsrc/controllers/uploads.ts(92,32): error TS2339: Property 'temp_parent_id' does not exist on type 'BookmarkType'.\r\nsrc/controllers/uploads.ts(93,42): error TS2339: Property 'temp_parent_id' does not exist on type 'BookmarkType'.\r\n\n    at Object.<anonymous> (C:\\xampp\\htdocs\\pustak\\server\\src\\controllers\\uploads.ts:1:7)\n    at Module._compile (node:internal/modules/cjs/loader:1369:14)\n    at Module._compile (C:\\xampp\\htdocs\\pustak\\server\\node_modules\\source-map-support\\source-map-support.js:568:25)\n    at Module.m._compile (C:\\Users\\AB219TX\\AppData\\Local\\Temp\\ts-node-dev-hook-8258279627539507.js:69:33)\n    at Module._extensions..js (node:internal/modules/cjs/loader:1427:10)\n    at require.extensions..jsx.require.extensions..js (C:\\Users\\AB219TX\\AppData\\Local\\Temp\\ts-node-dev-hook-8258279627539507.js:114:20)\n    at require.extensions.<computed> (C:\\Users\\AB219TX\\AppData\\Local\\Temp\\ts-node-dev-hook-8258279627539507.js:71:20)\n    at Object.nodeDevHook [as .ts] (C:\\xampp\\htdocs\\pustak\\server\\node_modules\\ts-node-dev\\lib\\hook.js:63:13)\n    at Module.load (node:internal/modules/cjs/loader:1206:32)\n    at Function.Module._load (node:internal/modules/cjs/loader:1022:12)","timestamp":"2024-07-25 22:00:46","trace":[{"column":7,"file":"C:\\xampp\\htdocs\\pustak\\server\\src\\controllers\\uploads.ts","function":null,"line":1,"method":null,"native":false},{"column":14,"file":"node:internal/modules/cjs/loader","function":"Module._compile","line":1369,"method":"_compile","native":false},{"column":25,"file":"C:\\xampp\\htdocs\\pustak\\server\\node_modules\\source-map-support\\source-map-support.js","function":"Module._compile","line":568,"method":"_compile","native":false},{"column":33,"file":"C:\\Users\\AB219TX\\AppData\\Local\\Temp\\ts-node-dev-hook-8258279627539507.js","function":"Module.m._compile","line":69,"method":"_compile","native":false},{"column":10,"file":"node:internal/modules/cjs/loader","function":"Module._extensions..js","line":1427,"method":".js","native":false},{"column":20,"file":"C:\\Users\\AB219TX\\AppData\\Local\\Temp\\ts-node-dev-hook-8258279627539507.js","function":"require.extensions..jsx.require.extensions..js","line":114,"method":".js","native":false},{"column":20,"file":"C:\\Users\\AB219TX\\AppData\\Local\\Temp\\ts-node-dev-hook-8258279627539507.js","function":"require.extensions.<computed>","line":71,"method":"<computed>","native":false},{"column":13,"file":"C:\\xampp\\htdocs\\pustak\\server\\node_modules\\ts-node-dev\\lib\\hook.js","function":"Object.nodeDevHook [as .ts]","line":63,"method":"ts]","native":false},{"column":32,"file":"node:internal/modules/cjs/loader","function":"Module.load","line":1206,"method":"load","native":false},{"column":12,"file":"node:internal/modules/cjs/loader","function":"Module._load","line":1022,"method":"_load","native":false}]}
